[0.066s] Invoking command in '/home/leeminjea/ros2_rmw_ws/src/rmw_fastrtps/build/rmw_fastrtps_cpp': AMENT_PREFIX_PATH=/home/leeminjea/ros2_rmw_ws/src/rmw_fastrtps/install/rmw_fastrtps_shared_cpp:${AMENT_PREFIX_PATH} CMAKE_PREFIX_PATH=/home/leeminjea/ros2_rmw_ws/src/rmw_fastrtps/install/rmw_fastrtps_shared_cpp:/opt/ros/humble LD_LIBRARY_PATH=/home/leeminjea/ros2_rmw_ws/src/rmw_fastrtps/install/rmw_fastrtps_shared_cpp/lib:${LD_LIBRARY_PATH} /usr/bin/cmake /home/leeminjea/ros2_rmw_ws/src/rmw_fastrtps/rmw_fastrtps_cpp -DCMAKE_INSTALL_PREFIX=/home/leeminjea/ros2_rmw_ws/src/rmw_fastrtps/install/rmw_fastrtps_cpp
[0.325s] -- The C compiler identification is GNU 11.4.0
[0.517s] -- The CXX compiler identification is GNU 11.4.0
[0.535s] -- Detecting C compiler ABI info
[0.882s] -- Detecting C compiler ABI info - done
[0.896s] -- Check for working C compiler: /usr/bin/cc - skipped
[0.896s] -- Detecting C compile features
[0.896s] -- Detecting C compile features - done
[0.903s] -- Detecting CXX compiler ABI info
[1.065s] -- Detecting CXX compiler ABI info - done
[1.077s] -- Check for working CXX compiler: /usr/bin/c++ - skipped
[1.078s] -- Detecting CXX compile features
[1.079s] -- Detecting CXX compile features - done
[1.085s] -- Found ament_cmake_ros: 0.10.0 (/opt/ros/humble/share/ament_cmake_ros/cmake)
[1.544s] -- Found Python3: /usr/bin/python3 (found version "3.10.12") found components: Interpreter 
[1.769s] -- Found rcpputils: 2.4.5 (/opt/ros/humble/share/rcpputils/cmake)
[1.798s] -- Found rmw_dds_common: 1.6.0 (/opt/ros/humble/share/rmw_dds_common/cmake)
[1.828s] -- Found rosidl_generator_c: 3.1.6 (/opt/ros/humble/share/rosidl_generator_c/cmake)
[1.834s] -- Found rosidl_adapter: 3.1.6 (/opt/ros/humble/share/rosidl_adapter/cmake)
[1.845s] -- Found rosidl_generator_cpp: 3.1.6 (/opt/ros/humble/share/rosidl_generator_cpp/cmake)
[1.865s] -- Using all available rosidl_typesupport_c: rosidl_typesupport_fastrtps_c;rosidl_typesupport_introspection_c
[1.883s] -- Using all available rosidl_typesupport_cpp: rosidl_typesupport_fastrtps_cpp;rosidl_typesupport_introspection_cpp
[1.910s] -- Found rmw_fastrtps_shared_cpp: 6.2.7 (/home/leeminjea/ros2_rmw_ws/src/rmw_fastrtps/install/rmw_fastrtps_shared_cpp/share/rmw_fastrtps_shared_cpp/cmake)
[2.345s] -- Found OpenSSL: /usr/lib/x86_64-linux-gnu/libcrypto.so (found version "3.0.2")  
[2.464s] -- Found FastRTPS: /opt/ros/humble/include  
[2.604s] -- Found FastRTPS: /opt/ros/humble/include (Required is at least version "2.6.2") 
[2.622s] -- Found ament_lint_auto: 0.12.12 (/opt/ros/humble/share/ament_lint_auto/cmake)
[3.288s] -- Found gtest sources under '/opt/ros/humble/src/gtest_vendor': C++ tests using 'Google Test' will be built
[3.297s] -- Looking for pthread.h
[3.818s] -- Looking for pthread.h - found
[3.818s] -- Performing Test CMAKE_HAVE_LIBC_PTHREAD
[4.184s] -- Performing Test CMAKE_HAVE_LIBC_PTHREAD - Success
[4.187s] -- Found Threads: TRUE  
[4.220s] -- Added test 'copyright' to check source files copyright and LICENSE
[4.224s] -- Added test 'cppcheck' to perform static code analysis on C / C++ code
[4.224s] -- Configured cppcheck include dirs: /home/leeminjea/ros2_rmw_ws/src/rmw_fastrtps/rmw_fastrtps_cpp/include
[4.225s] -- Configured cppcheck exclude dirs and/or files: 
[4.229s] -- Added test 'cpplint' to check C / C++ code against the Google style
[4.237s] -- Configured cpplint exclude dirs and/or files: 
[4.239s] -- Added test 'lint_cmake' to check CMake code style
[4.244s] -- Added test 'uncrustify' to check C / C++ code style
[4.247s] -- Configured uncrustify additional arguments: 
[4.253s] -- Added test 'xmllint' to check XML markup files
[4.257s] -- Configuring done
[4.332s] -- Generating done
[4.367s] -- Build files have been written to: /home/leeminjea/ros2_rmw_ws/src/rmw_fastrtps/build/rmw_fastrtps_cpp
[4.406s] Invoked command in '/home/leeminjea/ros2_rmw_ws/src/rmw_fastrtps/build/rmw_fastrtps_cpp' returned '0': AMENT_PREFIX_PATH=/home/leeminjea/ros2_rmw_ws/src/rmw_fastrtps/install/rmw_fastrtps_shared_cpp:${AMENT_PREFIX_PATH} CMAKE_PREFIX_PATH=/home/leeminjea/ros2_rmw_ws/src/rmw_fastrtps/install/rmw_fastrtps_shared_cpp:/opt/ros/humble LD_LIBRARY_PATH=/home/leeminjea/ros2_rmw_ws/src/rmw_fastrtps/install/rmw_fastrtps_shared_cpp/lib:${LD_LIBRARY_PATH} /usr/bin/cmake /home/leeminjea/ros2_rmw_ws/src/rmw_fastrtps/rmw_fastrtps_cpp -DCMAKE_INSTALL_PREFIX=/home/leeminjea/ros2_rmw_ws/src/rmw_fastrtps/install/rmw_fastrtps_cpp
[4.406s] Invoking command in '/home/leeminjea/ros2_rmw_ws/src/rmw_fastrtps/build/rmw_fastrtps_cpp': AMENT_PREFIX_PATH=/home/leeminjea/ros2_rmw_ws/src/rmw_fastrtps/install/rmw_fastrtps_shared_cpp:${AMENT_PREFIX_PATH} CMAKE_PREFIX_PATH=/home/leeminjea/ros2_rmw_ws/src/rmw_fastrtps/install/rmw_fastrtps_shared_cpp:/opt/ros/humble LD_LIBRARY_PATH=/home/leeminjea/ros2_rmw_ws/src/rmw_fastrtps/install/rmw_fastrtps_shared_cpp/lib:${LD_LIBRARY_PATH} /usr/bin/cmake --build /home/leeminjea/ros2_rmw_ws/src/rmw_fastrtps/build/rmw_fastrtps_cpp -- -j2 -l2
[4.731s] [  1%] [32mBuilding CXX object CMakeFiles/rmw_fastrtps_cpp.dir/src/get_client.cpp.o[0m
[9.970s] [  3%] [32mBuilding CXX object CMakeFiles/rmw_fastrtps_cpp.dir/src/get_participant.cpp.o[0m
[14.891s] [  5%] [32mBuilding CXX object CMakeFiles/rmw_fastrtps_cpp.dir/src/get_publisher.cpp.o[0m
[19.314s] [  7%] [32mBuilding CXX object CMakeFiles/rmw_fastrtps_cpp.dir/src/get_service.cpp.o[0m
[23.706s] [  9%] [32mBuilding CXX object CMakeFiles/rmw_fastrtps_cpp.dir/src/get_subscriber.cpp.o[0m
[27.341s] [ 11%] [32mBuilding CXX object CMakeFiles/rmw_fastrtps_cpp.dir/src/identifier.cpp.o[0m
[27.396s] [ 13%] [32mBuilding CXX object CMakeFiles/rmw_fastrtps_cpp.dir/src/init_rmw_context_impl.cpp.o[0m
[33.742s] [ 15%] [32mBuilding CXX object CMakeFiles/rmw_fastrtps_cpp.dir/src/publisher.cpp.o[0m
[39.659s] [ 17%] [32mBuilding CXX object CMakeFiles/rmw_fastrtps_cpp.dir/src/rmw_logging.cpp.o[0m
[39.816s] [ 19%] [32mBuilding CXX object CMakeFiles/rmw_fastrtps_cpp.dir/src/rmw_client.cpp.o[0m
[46.490s] [ 21%] [32mBuilding CXX object CMakeFiles/rmw_fastrtps_cpp.dir/src/rmw_compare_gids_equal.cpp.o[0m
[46.588s] [ 23%] [32mBuilding CXX object CMakeFiles/rmw_fastrtps_cpp.dir/src/rmw_count.cpp.o[0m
[47.246s] [ 25%] [32mBuilding CXX object CMakeFiles/rmw_fastrtps_cpp.dir/src/rmw_event.cpp.o[0m
[47.464s] [ 27%] [32mBuilding CXX object CMakeFiles/rmw_fastrtps_cpp.dir/src/rmw_features.cpp.o[0m
[47.618s] [ 29%] [32mBuilding CXX object CMakeFiles/rmw_fastrtps_cpp.dir/src/rmw_get_gid_for_publisher.cpp.o[0m
[47.848s] [ 31%] [32mBuilding CXX object CMakeFiles/rmw_fastrtps_cpp.dir/src/rmw_get_implementation_identifier.cpp.o[0m
[48.096s] [ 33%] [32mBuilding CXX object CMakeFiles/rmw_fastrtps_cpp.dir/src/rmw_get_serialization_format.cpp.o[0m
[48.305s] [ 35%] [32mBuilding CXX object CMakeFiles/rmw_fastrtps_cpp.dir/src/rmw_get_topic_endpoint_info.cpp.o[0m
[48.490s] [ 37%] [32mBuilding CXX object CMakeFiles/rmw_fastrtps_cpp.dir/src/rmw_guard_condition.cpp.o[0m
[50.116s] [ 39%] [32mBuilding CXX object CMakeFiles/rmw_fastrtps_cpp.dir/src/rmw_init.cpp.o[0m
[55.297s] [ 41%] [32mBuilding CXX object CMakeFiles/rmw_fastrtps_cpp.dir/src/rmw_node.cpp.o[0m
[56.344s] [ 43%] [32mBuilding CXX object CMakeFiles/rmw_fastrtps_cpp.dir/src/rmw_node_info_and_types.cpp.o[0m
[56.558s] [ 45%] [32mBuilding CXX object CMakeFiles/rmw_fastrtps_cpp.dir/src/rmw_node_names.cpp.o[0m
[57.124s] [ 47%] [32mBuilding CXX object CMakeFiles/rmw_fastrtps_cpp.dir/src/rmw_publish.cpp.o[0m
[58.037s] [ 49%] [32mBuilding CXX object CMakeFiles/rmw_fastrtps_cpp.dir/src/rmw_publisher.cpp.o[0m
[62.916s] [ 50%] [32mBuilding CXX object CMakeFiles/rmw_fastrtps_cpp.dir/src/rmw_qos.cpp.o[0m
[63.056s] [ 52%] [32mBuilding CXX object CMakeFiles/rmw_fastrtps_cpp.dir/src/rmw_request.cpp.o[0m
[63.205s] [ 54%] [32mBuilding CXX object CMakeFiles/rmw_fastrtps_cpp.dir/src/rmw_response.cpp.o[0m
[63.395s] [ 56%] [32mBuilding CXX object CMakeFiles/rmw_fastrtps_cpp.dir/src/rmw_serialize.cpp.o[0m
[67.755s] [ 58%] [32mBuilding CXX object CMakeFiles/rmw_fastrtps_cpp.dir/src/rmw_service.cpp.o[0m
[74.139s] [ 60%] [32mBuilding CXX object CMakeFiles/rmw_fastrtps_cpp.dir/src/rmw_service_names_and_types.cpp.o[0m
[74.352s] [ 62%] [32mBuilding CXX object CMakeFiles/rmw_fastrtps_cpp.dir/src/rmw_service_server_is_available.cpp.o[0m
[75.374s] [ 64%] [32mBuilding CXX object CMakeFiles/rmw_fastrtps_cpp.dir/src/rmw_subscription.cpp.o[0m
[79.583s] [ 66%] [32mBuilding CXX object CMakeFiles/rmw_fastrtps_cpp.dir/src/rmw_take.cpp.o[0m
[79.806s] [ 68%] [32mBuilding CXX object CMakeFiles/rmw_fastrtps_cpp.dir/src/rmw_topic_names_and_types.cpp.o[0m
[80.820s] [ 70%] [32mBuilding CXX object CMakeFiles/rmw_fastrtps_cpp.dir/src/rmw_trigger_guard_condition.cpp.o[0m
[81.057s] [ 72%] [32mBuilding CXX object CMakeFiles/rmw_fastrtps_cpp.dir/src/rmw_wait.cpp.o[0m
[81.357s] [ 74%] [32mBuilding CXX object CMakeFiles/rmw_fastrtps_cpp.dir/src/rmw_wait_set.cpp.o[0m
[81.594s] [ 76%] [32mBuilding CXX object CMakeFiles/rmw_fastrtps_cpp.dir/src/serialization_format.cpp.o[0m
[81.702s] [ 78%] [32mBuilding CXX object CMakeFiles/rmw_fastrtps_cpp.dir/src/subscription.cpp.o[0m
[89.597s] [ 80%] [32mBuilding CXX object CMakeFiles/rmw_fastrtps_cpp.dir/src/type_support_common.cpp.o[0m
[93.056s] [ 82%] [32mBuilding CXX object CMakeFiles/rmw_fastrtps_cpp.dir/src/rmw_get_endpoint_network_flow.cpp.o[0m
[93.272s] [ 84%] [32m[1mLinking CXX shared library librmw_fastrtps_cpp.so[0m
[94.799s] [ 84%] Built target rmw_fastrtps_cpp
[94.848s] [ 86%] [32mBuilding CXX object gtest/CMakeFiles/gtest_main.dir/src/gtest_main.cc.o[0m
[96.588s] [ 88%] [32m[1mLinking CXX static library libgtest_main.a[0m
[96.742s] [ 88%] Built target gtest_main
[96.848s] [ 90%] [32mBuilding CXX object gtest/CMakeFiles/gtest.dir/src/gtest-all.cc.o[0m
[105.216s] [ 92%] [32m[1mLinking CXX static library libgtest.a[0m
[105.493s] [ 92%] Built target gtest
[105.599s] [ 94%] [32mBuilding CXX object CMakeFiles/test_get_native_entities.dir/test/test_get_native_entities.cpp.o[0m
[111.677s] [ 96%] [32m[1mLinking CXX executable test_get_native_entities[0m
[113.179s] [ 96%] Built target test_get_native_entities
[113.236s] [ 98%] [32mBuilding CXX object CMakeFiles/test_logging.dir/test/test_logging.cpp.o[0m
[116.301s] [100%] [32m[1mLinking CXX executable test_logging[0m
[117.630s] [100%] Built target test_logging
[117.665s] Invoked command in '/home/leeminjea/ros2_rmw_ws/src/rmw_fastrtps/build/rmw_fastrtps_cpp' returned '0': AMENT_PREFIX_PATH=/home/leeminjea/ros2_rmw_ws/src/rmw_fastrtps/install/rmw_fastrtps_shared_cpp:${AMENT_PREFIX_PATH} CMAKE_PREFIX_PATH=/home/leeminjea/ros2_rmw_ws/src/rmw_fastrtps/install/rmw_fastrtps_shared_cpp:/opt/ros/humble LD_LIBRARY_PATH=/home/leeminjea/ros2_rmw_ws/src/rmw_fastrtps/install/rmw_fastrtps_shared_cpp/lib:${LD_LIBRARY_PATH} /usr/bin/cmake --build /home/leeminjea/ros2_rmw_ws/src/rmw_fastrtps/build/rmw_fastrtps_cpp -- -j2 -l2
[117.673s] Invoking command in '/home/leeminjea/ros2_rmw_ws/src/rmw_fastrtps/build/rmw_fastrtps_cpp': AMENT_PREFIX_PATH=/home/leeminjea/ros2_rmw_ws/src/rmw_fastrtps/install/rmw_fastrtps_shared_cpp:${AMENT_PREFIX_PATH} CMAKE_PREFIX_PATH=/home/leeminjea/ros2_rmw_ws/src/rmw_fastrtps/install/rmw_fastrtps_shared_cpp:/opt/ros/humble LD_LIBRARY_PATH=/home/leeminjea/ros2_rmw_ws/src/rmw_fastrtps/install/rmw_fastrtps_shared_cpp/lib:${LD_LIBRARY_PATH} /usr/bin/cmake --install /home/leeminjea/ros2_rmw_ws/src/rmw_fastrtps/build/rmw_fastrtps_cpp
[117.698s] -- Install configuration: ""
[117.700s] -- Installing: /home/leeminjea/ros2_rmw_ws/src/rmw_fastrtps/install/rmw_fastrtps_cpp/share/rmw_fastrtps_cpp/environment/library_path.sh
[117.701s] -- Installing: /home/leeminjea/ros2_rmw_ws/src/rmw_fastrtps/install/rmw_fastrtps_cpp/share/rmw_fastrtps_cpp/environment/library_path.dsv
[117.707s] -- Installing: /home/leeminjea/ros2_rmw_ws/src/rmw_fastrtps/install/rmw_fastrtps_cpp/share/ament_index/resource_index/rmw_typesupport_c/rmw_fastrtps_cpp
[117.708s] -- Installing: /home/leeminjea/ros2_rmw_ws/src/rmw_fastrtps/install/rmw_fastrtps_cpp/share/ament_index/resource_index/rmw_typesupport_cpp/rmw_fastrtps_cpp
[117.708s] -- Installing: /home/leeminjea/ros2_rmw_ws/src/rmw_fastrtps/install/rmw_fastrtps_cpp/share/ament_index/resource_index/rmw_typesupport/rmw_fastrtps_cpp
[117.709s] -- Installing: /home/leeminjea/ros2_rmw_ws/src/rmw_fastrtps/install/rmw_fastrtps_cpp/share/ament_index/resource_index/package_run_dependencies/rmw_fastrtps_cpp
[117.709s] -- Installing: /home/leeminjea/ros2_rmw_ws/src/rmw_fastrtps/install/rmw_fastrtps_cpp/share/ament_index/resource_index/parent_prefix_path/rmw_fastrtps_cpp
[117.709s] -- Installing: /home/leeminjea/ros2_rmw_ws/src/rmw_fastrtps/install/rmw_fastrtps_cpp/share/rmw_fastrtps_cpp/environment/ament_prefix_path.sh
[117.709s] -- Installing: /home/leeminjea/ros2_rmw_ws/src/rmw_fastrtps/install/rmw_fastrtps_cpp/share/rmw_fastrtps_cpp/environment/ament_prefix_path.dsv
[117.709s] -- Installing: /home/leeminjea/ros2_rmw_ws/src/rmw_fastrtps/install/rmw_fastrtps_cpp/share/rmw_fastrtps_cpp/environment/path.sh
[117.710s] -- Installing: /home/leeminjea/ros2_rmw_ws/src/rmw_fastrtps/install/rmw_fastrtps_cpp/share/rmw_fastrtps_cpp/environment/path.dsv
[117.710s] -- Installing: /home/leeminjea/ros2_rmw_ws/src/rmw_fastrtps/install/rmw_fastrtps_cpp/share/rmw_fastrtps_cpp/local_setup.bash
[117.710s] -- Installing: /home/leeminjea/ros2_rmw_ws/src/rmw_fastrtps/install/rmw_fastrtps_cpp/share/rmw_fastrtps_cpp/local_setup.sh
[117.710s] -- Installing: /home/leeminjea/ros2_rmw_ws/src/rmw_fastrtps/install/rmw_fastrtps_cpp/share/rmw_fastrtps_cpp/local_setup.zsh
[117.711s] -- Installing: /home/leeminjea/ros2_rmw_ws/src/rmw_fastrtps/install/rmw_fastrtps_cpp/share/rmw_fastrtps_cpp/local_setup.dsv
[117.711s] -- Installing: /home/leeminjea/ros2_rmw_ws/src/rmw_fastrtps/install/rmw_fastrtps_cpp/share/rmw_fastrtps_cpp/package.dsv
[117.711s] -- Installing: /home/leeminjea/ros2_rmw_ws/src/rmw_fastrtps/install/rmw_fastrtps_cpp/share/ament_index/resource_index/packages/rmw_fastrtps_cpp
[117.712s] -- Installing: /home/leeminjea/ros2_rmw_ws/src/rmw_fastrtps/install/rmw_fastrtps_cpp/share/rmw_fastrtps_cpp/cmake/ament_cmake_export_include_directories-extras.cmake
[117.712s] -- Installing: /home/leeminjea/ros2_rmw_ws/src/rmw_fastrtps/install/rmw_fastrtps_cpp/share/rmw_fastrtps_cpp/cmake/ament_cmake_export_libraries-extras.cmake
[117.712s] -- Installing: /home/leeminjea/ros2_rmw_ws/src/rmw_fastrtps/install/rmw_fastrtps_cpp/share/rmw_fastrtps_cpp/cmake/ament_cmake_export_dependencies-extras.cmake
[117.712s] -- Installing: /home/leeminjea/ros2_rmw_ws/src/rmw_fastrtps/install/rmw_fastrtps_cpp/share/rmw_fastrtps_cpp/cmake/rmw_fastrtps_cpp-extras.cmake
[117.713s] -- Installing: /home/leeminjea/ros2_rmw_ws/src/rmw_fastrtps/install/rmw_fastrtps_cpp/share/rmw_fastrtps_cpp/cmake/rmw_fastrtps_cppConfig.cmake
[117.713s] -- Installing: /home/leeminjea/ros2_rmw_ws/src/rmw_fastrtps/install/rmw_fastrtps_cpp/share/rmw_fastrtps_cpp/cmake/rmw_fastrtps_cppConfig-version.cmake
[117.714s] -- Installing: /home/leeminjea/ros2_rmw_ws/src/rmw_fastrtps/install/rmw_fastrtps_cpp/share/rmw_fastrtps_cpp/package.xml
[117.714s] -- Installing: /home/leeminjea/ros2_rmw_ws/src/rmw_fastrtps/install/rmw_fastrtps_cpp/include/rmw_fastrtps_cpp
[117.715s] -- Installing: /home/leeminjea/ros2_rmw_ws/src/rmw_fastrtps/install/rmw_fastrtps_cpp/include/rmw_fastrtps_cpp/rmw_fastrtps_cpp
[117.715s] -- Installing: /home/leeminjea/ros2_rmw_ws/src/rmw_fastrtps/install/rmw_fastrtps_cpp/include/rmw_fastrtps_cpp/rmw_fastrtps_cpp/get_participant.hpp
[117.716s] -- Installing: /home/leeminjea/ros2_rmw_ws/src/rmw_fastrtps/install/rmw_fastrtps_cpp/include/rmw_fastrtps_cpp/rmw_fastrtps_cpp/TypeSupport.hpp
[117.716s] -- Installing: /home/leeminjea/ros2_rmw_ws/src/rmw_fastrtps/install/rmw_fastrtps_cpp/include/rmw_fastrtps_cpp/rmw_fastrtps_cpp/init_rmw_context_impl.hpp
[117.717s] -- Installing: /home/leeminjea/ros2_rmw_ws/src/rmw_fastrtps/install/rmw_fastrtps_cpp/include/rmw_fastrtps_cpp/rmw_fastrtps_cpp/MessageTypeSupport.hpp
[117.717s] -- Installing: /home/leeminjea/ros2_rmw_ws/src/rmw_fastrtps/install/rmw_fastrtps_cpp/include/rmw_fastrtps_cpp/rmw_fastrtps_cpp/get_publisher.hpp
[117.718s] -- Installing: /home/leeminjea/ros2_rmw_ws/src/rmw_fastrtps/install/rmw_fastrtps_cpp/include/rmw_fastrtps_cpp/rmw_fastrtps_cpp/get_client.hpp
[117.719s] -- Installing: /home/leeminjea/ros2_rmw_ws/src/rmw_fastrtps/install/rmw_fastrtps_cpp/include/rmw_fastrtps_cpp/rmw_fastrtps_cpp/identifier.hpp
[117.721s] -- Installing: /home/leeminjea/ros2_rmw_ws/src/rmw_fastrtps/install/rmw_fastrtps_cpp/include/rmw_fastrtps_cpp/rmw_fastrtps_cpp/ServiceTypeSupport.hpp
[117.722s] -- Installing: /home/leeminjea/ros2_rmw_ws/src/rmw_fastrtps/install/rmw_fastrtps_cpp/include/rmw_fastrtps_cpp/rmw_fastrtps_cpp/get_service.hpp
[117.722s] -- Installing: /home/leeminjea/ros2_rmw_ws/src/rmw_fastrtps/install/rmw_fastrtps_cpp/include/rmw_fastrtps_cpp/rmw_fastrtps_cpp/subscription.hpp
[117.724s] -- Installing: /home/leeminjea/ros2_rmw_ws/src/rmw_fastrtps/install/rmw_fastrtps_cpp/include/rmw_fastrtps_cpp/rmw_fastrtps_cpp/serialization_format.hpp
[117.724s] -- Installing: /home/leeminjea/ros2_rmw_ws/src/rmw_fastrtps/install/rmw_fastrtps_cpp/include/rmw_fastrtps_cpp/rmw_fastrtps_cpp/visibility_control.h
[117.729s] -- Installing: /home/leeminjea/ros2_rmw_ws/src/rmw_fastrtps/install/rmw_fastrtps_cpp/include/rmw_fastrtps_cpp/rmw_fastrtps_cpp/publisher.hpp
[117.730s] -- Installing: /home/leeminjea/ros2_rmw_ws/src/rmw_fastrtps/install/rmw_fastrtps_cpp/include/rmw_fastrtps_cpp/rmw_fastrtps_cpp/get_subscriber.hpp
[117.730s] -- Installing: /home/leeminjea/ros2_rmw_ws/src/rmw_fastrtps/install/rmw_fastrtps_cpp/lib/librmw_fastrtps_cpp.so
[117.731s] -- Set runtime path of "/home/leeminjea/ros2_rmw_ws/src/rmw_fastrtps/install/rmw_fastrtps_cpp/lib/librmw_fastrtps_cpp.so" to ""
[117.736s] Invoked command in '/home/leeminjea/ros2_rmw_ws/src/rmw_fastrtps/build/rmw_fastrtps_cpp' returned '0': AMENT_PREFIX_PATH=/home/leeminjea/ros2_rmw_ws/src/rmw_fastrtps/install/rmw_fastrtps_shared_cpp:${AMENT_PREFIX_PATH} CMAKE_PREFIX_PATH=/home/leeminjea/ros2_rmw_ws/src/rmw_fastrtps/install/rmw_fastrtps_shared_cpp:/opt/ros/humble LD_LIBRARY_PATH=/home/leeminjea/ros2_rmw_ws/src/rmw_fastrtps/install/rmw_fastrtps_shared_cpp/lib:${LD_LIBRARY_PATH} /usr/bin/cmake --install /home/leeminjea/ros2_rmw_ws/src/rmw_fastrtps/build/rmw_fastrtps_cpp
