[1.265s] DEBUG:colcon:Command line arguments: ['/usr/bin/colcon', 'build', '--packages-select', 'rmw_fastrtps_shared_cpp', 'rmw_fastrtps_cpp', 'rmw_fastrtps_dynamic_cpp', '--allow-overriding', 'rmw_fastrtps_cpp']
[1.265s] DEBUG:colcon:Parsed command line arguments: Namespace(log_base=None, log_level=None, verb_name='build', build_base='build', install_base='install', merge_install=False, symlink_install=False, test_result_base=None, continue_on_error=False, executor='parallel', parallel_workers=2, event_handlers=None, ignore_user_meta=False, metas=['./colcon.meta'], base_paths=['.'], packages_ignore=None, packages_ignore_regex=None, paths=None, packages_up_to=None, packages_up_to_regex=None, packages_above=None, packages_above_and_dependencies=None, packages_above_depth=None, packages_select_by_dep=None, packages_skip_by_dep=None, packages_skip_up_to=None, packages_select_build_failed=False, packages_skip_build_finished=False, packages_select_test_failures=False, packages_skip_test_passed=False, packages_select=['rmw_fastrtps_shared_cpp', 'rmw_fastrtps_cpp', 'rmw_fastrtps_dynamic_cpp'], packages_skip=None, packages_select_regex=None, packages_skip_regex=None, packages_start=None, packages_end=None, allow_overriding=['rmw_fastrtps_cpp'], cmake_args=None, cmake_target=None, cmake_target_skip_unavailable=False, cmake_clean_cache=False, cmake_clean_first=False, cmake_force_configure=False, ament_cmake_args=None, catkin_cmake_args=None, catkin_skip_building_tests=False, mixin_files=None, mixin=None, verb_parser=<colcon_mixin.mixin.mixin_argument.MixinArgumentDecorator object at 0x7f4ab4d3dfc0>, verb_extension=<colcon_core.verb.build.BuildVerb object at 0x7f4ab4f37520>, main=<bound method BuildVerb.main of <colcon_core.verb.build.BuildVerb object at 0x7f4ab4f37520>>, mixin_verb=('build',))
[2.135s] Level 1:colcon.colcon_core.package_discovery:discover_packages(colcon_meta) check parameters
[2.136s] Level 1:colcon.colcon_core.package_discovery:discover_packages(recursive) check parameters
[2.136s] Level 1:colcon.colcon_core.package_discovery:discover_packages(ignore) check parameters
[2.136s] Level 1:colcon.colcon_core.package_discovery:discover_packages(path) check parameters
[2.136s] Level 1:colcon.colcon_core.package_discovery:discover_packages(colcon_meta) discover
[2.136s] Level 1:colcon.colcon_core.package_discovery:discover_packages(recursive) discover
[2.136s] INFO:colcon.colcon_core.package_discovery:Crawling recursively for packages in '/home/leeminjea/ros2_rmw_ws/src/rmw_fastrtps'
[2.136s] Level 1:colcon.colcon_core.package_identification:_identify(.) by extensions ['ignore', 'ignore_ament_install']
[2.136s] Level 1:colcon.colcon_core.package_identification:_identify(.) by extension 'ignore'
[2.136s] Level 1:colcon.colcon_core.package_identification:_identify(.) by extension 'ignore_ament_install'
[2.137s] Level 1:colcon.colcon_core.package_identification:_identify(.) by extensions ['colcon_pkg']
[2.137s] Level 1:colcon.colcon_core.package_identification:_identify(.) by extension 'colcon_pkg'
[2.137s] Level 1:colcon.colcon_core.package_identification:_identify(.) by extensions ['colcon_meta']
[2.137s] Level 1:colcon.colcon_core.package_identification:_identify(.) by extension 'colcon_meta'
[2.137s] Level 1:colcon.colcon_core.package_identification:_identify(.) by extensions ['ros']
[2.137s] Level 1:colcon.colcon_core.package_identification:_identify(.) by extension 'ros'
[2.157s] Level 1:colcon.colcon_core.package_identification:_identify(.) by extensions ['cmake', 'python']
[2.157s] Level 1:colcon.colcon_core.package_identification:_identify(.) by extension 'cmake'
[2.157s] Level 1:colcon.colcon_core.package_identification:_identify(.) by extension 'python'
[2.157s] Level 1:colcon.colcon_core.package_identification:_identify(.) by extensions ['python_setup_py']
[2.158s] Level 1:colcon.colcon_core.package_identification:_identify(.) by extension 'python_setup_py'
[2.158s] Level 1:colcon.colcon_core.package_identification:_identify(build) by extensions ['ignore', 'ignore_ament_install']
[2.158s] Level 1:colcon.colcon_core.package_identification:_identify(build) by extension 'ignore'
[2.158s] Level 1:colcon.colcon_core.package_identification:_identify(build) ignored
[2.158s] Level 1:colcon.colcon_core.package_identification:_identify(install) by extensions ['ignore', 'ignore_ament_install']
[2.158s] Level 1:colcon.colcon_core.package_identification:_identify(install) by extension 'ignore'
[2.158s] Level 1:colcon.colcon_core.package_identification:_identify(install) ignored
[2.158s] Level 1:colcon.colcon_core.package_identification:_identify(log) by extensions ['ignore', 'ignore_ament_install']
[2.158s] Level 1:colcon.colcon_core.package_identification:_identify(log) by extension 'ignore'
[2.158s] Level 1:colcon.colcon_core.package_identification:_identify(log) ignored
[2.159s] Level 1:colcon.colcon_core.package_identification:_identify(rmw_fastrtps_cpp) by extensions ['ignore', 'ignore_ament_install']
[2.159s] Level 1:colcon.colcon_core.package_identification:_identify(rmw_fastrtps_cpp) by extension 'ignore'
[2.159s] Level 1:colcon.colcon_core.package_identification:_identify(rmw_fastrtps_cpp) by extension 'ignore_ament_install'
[2.159s] Level 1:colcon.colcon_core.package_identification:_identify(rmw_fastrtps_cpp) by extensions ['colcon_pkg']
[2.159s] Level 1:colcon.colcon_core.package_identification:_identify(rmw_fastrtps_cpp) by extension 'colcon_pkg'
[2.159s] Level 1:colcon.colcon_core.package_identification:_identify(rmw_fastrtps_cpp) by extensions ['colcon_meta']
[2.159s] Level 1:colcon.colcon_core.package_identification:_identify(rmw_fastrtps_cpp) by extension 'colcon_meta'
[2.159s] Level 1:colcon.colcon_core.package_identification:_identify(rmw_fastrtps_cpp) by extensions ['ros']
[2.159s] Level 1:colcon.colcon_core.package_identification:_identify(rmw_fastrtps_cpp) by extension 'ros'
[2.188s] DEBUG:colcon.colcon_core.package_identification:Package 'rmw_fastrtps_cpp' with type 'ros.ament_cmake' and name 'rmw_fastrtps_cpp'
[2.188s] Level 1:colcon.colcon_core.package_identification:_identify(rmw_fastrtps_dynamic_cpp) by extensions ['ignore', 'ignore_ament_install']
[2.189s] Level 1:colcon.colcon_core.package_identification:_identify(rmw_fastrtps_dynamic_cpp) by extension 'ignore'
[2.189s] Level 1:colcon.colcon_core.package_identification:_identify(rmw_fastrtps_dynamic_cpp) by extension 'ignore_ament_install'
[2.189s] Level 1:colcon.colcon_core.package_identification:_identify(rmw_fastrtps_dynamic_cpp) by extensions ['colcon_pkg']
[2.189s] Level 1:colcon.colcon_core.package_identification:_identify(rmw_fastrtps_dynamic_cpp) by extension 'colcon_pkg'
[2.189s] Level 1:colcon.colcon_core.package_identification:_identify(rmw_fastrtps_dynamic_cpp) by extensions ['colcon_meta']
[2.189s] Level 1:colcon.colcon_core.package_identification:_identify(rmw_fastrtps_dynamic_cpp) by extension 'colcon_meta'
[2.189s] Level 1:colcon.colcon_core.package_identification:_identify(rmw_fastrtps_dynamic_cpp) by extensions ['ros']
[2.189s] Level 1:colcon.colcon_core.package_identification:_identify(rmw_fastrtps_dynamic_cpp) by extension 'ros'
[2.191s] DEBUG:colcon.colcon_core.package_identification:Package 'rmw_fastrtps_dynamic_cpp' with type 'ros.ament_cmake' and name 'rmw_fastrtps_dynamic_cpp'
[2.191s] Level 1:colcon.colcon_core.package_identification:_identify(rmw_fastrtps_shared_cpp) by extensions ['ignore', 'ignore_ament_install']
[2.191s] Level 1:colcon.colcon_core.package_identification:_identify(rmw_fastrtps_shared_cpp) by extension 'ignore'
[2.191s] Level 1:colcon.colcon_core.package_identification:_identify(rmw_fastrtps_shared_cpp) by extension 'ignore_ament_install'
[2.191s] Level 1:colcon.colcon_core.package_identification:_identify(rmw_fastrtps_shared_cpp) by extensions ['colcon_pkg']
[2.191s] Level 1:colcon.colcon_core.package_identification:_identify(rmw_fastrtps_shared_cpp) by extension 'colcon_pkg'
[2.191s] Level 1:colcon.colcon_core.package_identification:_identify(rmw_fastrtps_shared_cpp) by extensions ['colcon_meta']
[2.192s] Level 1:colcon.colcon_core.package_identification:_identify(rmw_fastrtps_shared_cpp) by extension 'colcon_meta'
[2.192s] Level 1:colcon.colcon_core.package_identification:_identify(rmw_fastrtps_shared_cpp) by extensions ['ros']
[2.192s] Level 1:colcon.colcon_core.package_identification:_identify(rmw_fastrtps_shared_cpp) by extension 'ros'
[2.195s] DEBUG:colcon.colcon_core.package_identification:Package 'rmw_fastrtps_shared_cpp' with type 'ros.ament_cmake' and name 'rmw_fastrtps_shared_cpp'
[2.195s] Level 1:colcon.colcon_core.package_discovery:discover_packages(recursive) using defaults
[2.195s] Level 1:colcon.colcon_core.package_discovery:discover_packages(ignore) discover
[2.195s] Level 1:colcon.colcon_core.package_discovery:discover_packages(ignore) using defaults
[2.196s] Level 1:colcon.colcon_core.package_discovery:discover_packages(path) discover
[2.196s] Level 1:colcon.colcon_core.package_discovery:discover_packages(path) using defaults
[2.264s] Level 1:colcon.colcon_core.package_discovery:discover_packages(prefix_path) check parameters
[2.265s] Level 1:colcon.colcon_core.package_discovery:discover_packages(prefix_path) discover
[2.273s] DEBUG:colcon.colcon_installed_package_information.package_discovery:Found 394 installed packages in /opt/ros/humble
[2.276s] Level 1:colcon.colcon_core.package_discovery:discover_packages(prefix_path) using defaults
[2.442s] Level 5:colcon.colcon_core.verb:set package 'rmw_fastrtps_shared_cpp' build argument 'cmake_args' from command line to 'None'
[2.442s] Level 5:colcon.colcon_core.verb:set package 'rmw_fastrtps_shared_cpp' build argument 'cmake_target' from command line to 'None'
[2.442s] Level 5:colcon.colcon_core.verb:set package 'rmw_fastrtps_shared_cpp' build argument 'cmake_target_skip_unavailable' from command line to 'False'
[2.442s] Level 5:colcon.colcon_core.verb:set package 'rmw_fastrtps_shared_cpp' build argument 'cmake_clean_cache' from command line to 'False'
[2.442s] Level 5:colcon.colcon_core.verb:set package 'rmw_fastrtps_shared_cpp' build argument 'cmake_clean_first' from command line to 'False'
[2.442s] Level 5:colcon.colcon_core.verb:set package 'rmw_fastrtps_shared_cpp' build argument 'cmake_force_configure' from command line to 'False'
[2.442s] Level 5:colcon.colcon_core.verb:set package 'rmw_fastrtps_shared_cpp' build argument 'ament_cmake_args' from command line to 'None'
[2.442s] Level 5:colcon.colcon_core.verb:set package 'rmw_fastrtps_shared_cpp' build argument 'catkin_cmake_args' from command line to 'None'
[2.442s] Level 5:colcon.colcon_core.verb:set package 'rmw_fastrtps_shared_cpp' build argument 'catkin_skip_building_tests' from command line to 'False'
[2.442s] DEBUG:colcon.colcon_core.verb:Building package 'rmw_fastrtps_shared_cpp' with the following arguments: {'ament_cmake_args': None, 'build_base': '/home/leeminjea/ros2_rmw_ws/src/rmw_fastrtps/build/rmw_fastrtps_shared_cpp', 'catkin_cmake_args': None, 'catkin_skip_building_tests': False, 'cmake_args': None, 'cmake_clean_cache': False, 'cmake_clean_first': False, 'cmake_force_configure': False, 'cmake_target': None, 'cmake_target_skip_unavailable': False, 'install_base': '/home/leeminjea/ros2_rmw_ws/src/rmw_fastrtps/install/rmw_fastrtps_shared_cpp', 'merge_install': False, 'path': '/home/leeminjea/ros2_rmw_ws/src/rmw_fastrtps/rmw_fastrtps_shared_cpp', 'symlink_install': False, 'test_result_base': None}
[2.444s] Level 5:colcon.colcon_core.verb:set package 'rmw_fastrtps_cpp' build argument 'cmake_args' from command line to 'None'
[2.444s] Level 5:colcon.colcon_core.verb:set package 'rmw_fastrtps_cpp' build argument 'cmake_target' from command line to 'None'
[2.444s] Level 5:colcon.colcon_core.verb:set package 'rmw_fastrtps_cpp' build argument 'cmake_target_skip_unavailable' from command line to 'False'
[2.444s] Level 5:colcon.colcon_core.verb:set package 'rmw_fastrtps_cpp' build argument 'cmake_clean_cache' from command line to 'False'
[2.444s] Level 5:colcon.colcon_core.verb:set package 'rmw_fastrtps_cpp' build argument 'cmake_clean_first' from command line to 'False'
[2.444s] Level 5:colcon.colcon_core.verb:set package 'rmw_fastrtps_cpp' build argument 'cmake_force_configure' from command line to 'False'
[2.444s] Level 5:colcon.colcon_core.verb:set package 'rmw_fastrtps_cpp' build argument 'ament_cmake_args' from command line to 'None'
[2.444s] Level 5:colcon.colcon_core.verb:set package 'rmw_fastrtps_cpp' build argument 'catkin_cmake_args' from command line to 'None'
[2.444s] Level 5:colcon.colcon_core.verb:set package 'rmw_fastrtps_cpp' build argument 'catkin_skip_building_tests' from command line to 'False'
[2.445s] DEBUG:colcon.colcon_core.verb:Building package 'rmw_fastrtps_cpp' with the following arguments: {'ament_cmake_args': None, 'build_base': '/home/leeminjea/ros2_rmw_ws/src/rmw_fastrtps/build/rmw_fastrtps_cpp', 'catkin_cmake_args': None, 'catkin_skip_building_tests': False, 'cmake_args': None, 'cmake_clean_cache': False, 'cmake_clean_first': False, 'cmake_force_configure': False, 'cmake_target': None, 'cmake_target_skip_unavailable': False, 'install_base': '/home/leeminjea/ros2_rmw_ws/src/rmw_fastrtps/install/rmw_fastrtps_cpp', 'merge_install': False, 'path': '/home/leeminjea/ros2_rmw_ws/src/rmw_fastrtps/rmw_fastrtps_cpp', 'symlink_install': False, 'test_result_base': None}
[2.445s] Level 5:colcon.colcon_core.verb:set package 'rmw_fastrtps_dynamic_cpp' build argument 'cmake_args' from command line to 'None'
[2.446s] Level 5:colcon.colcon_core.verb:set package 'rmw_fastrtps_dynamic_cpp' build argument 'cmake_target' from command line to 'None'
[2.446s] Level 5:colcon.colcon_core.verb:set package 'rmw_fastrtps_dynamic_cpp' build argument 'cmake_target_skip_unavailable' from command line to 'False'
[2.446s] Level 5:colcon.colcon_core.verb:set package 'rmw_fastrtps_dynamic_cpp' build argument 'cmake_clean_cache' from command line to 'False'
[2.446s] Level 5:colcon.colcon_core.verb:set package 'rmw_fastrtps_dynamic_cpp' build argument 'cmake_clean_first' from command line to 'False'
[2.446s] Level 5:colcon.colcon_core.verb:set package 'rmw_fastrtps_dynamic_cpp' build argument 'cmake_force_configure' from command line to 'False'
[2.446s] Level 5:colcon.colcon_core.verb:set package 'rmw_fastrtps_dynamic_cpp' build argument 'ament_cmake_args' from command line to 'None'
[2.446s] Level 5:colcon.colcon_core.verb:set package 'rmw_fastrtps_dynamic_cpp' build argument 'catkin_cmake_args' from command line to 'None'
[2.446s] Level 5:colcon.colcon_core.verb:set package 'rmw_fastrtps_dynamic_cpp' build argument 'catkin_skip_building_tests' from command line to 'False'
[2.446s] DEBUG:colcon.colcon_core.verb:Building package 'rmw_fastrtps_dynamic_cpp' with the following arguments: {'ament_cmake_args': None, 'build_base': '/home/leeminjea/ros2_rmw_ws/src/rmw_fastrtps/build/rmw_fastrtps_dynamic_cpp', 'catkin_cmake_args': None, 'catkin_skip_building_tests': False, 'cmake_args': None, 'cmake_clean_cache': False, 'cmake_clean_first': False, 'cmake_force_configure': False, 'cmake_target': None, 'cmake_target_skip_unavailable': False, 'install_base': '/home/leeminjea/ros2_rmw_ws/src/rmw_fastrtps/install/rmw_fastrtps_dynamic_cpp', 'merge_install': False, 'path': '/home/leeminjea/ros2_rmw_ws/src/rmw_fastrtps/rmw_fastrtps_dynamic_cpp', 'symlink_install': False, 'test_result_base': None}
[2.446s] INFO:colcon.colcon_core.executor:Executing jobs using 'parallel' executor
[2.448s] DEBUG:colcon.colcon_parallel_executor.executor.parallel:run_until_complete
[2.448s] INFO:colcon.colcon_ros.task.ament_cmake.build:Building ROS package in '/home/leeminjea/ros2_rmw_ws/src/rmw_fastrtps/rmw_fastrtps_shared_cpp' with build type 'ament_cmake'
[2.448s] INFO:colcon.colcon_cmake.task.cmake.build:Building CMake package in '/home/leeminjea/ros2_rmw_ws/src/rmw_fastrtps/rmw_fastrtps_shared_cpp'
[2.467s] INFO:colcon.colcon_core.plugin_system:Skipping extension 'colcon_core.shell.bat': Not used on non-Windows systems
[2.468s] INFO:colcon.colcon_core.shell:Skip shell extension 'powershell' for command environment: Not usable outside of PowerShell
[2.468s] DEBUG:colcon.colcon_core.shell:Skip shell extension 'dsv' for command environment
[2.494s] DEBUG:colcon.colcon_core.event_handler.log_command:Invoking command in '/home/leeminjea/ros2_rmw_ws/src/rmw_fastrtps/build/rmw_fastrtps_shared_cpp': CMAKE_PREFIX_PATH=/opt/ros/humble /usr/bin/cmake /home/leeminjea/ros2_rmw_ws/src/rmw_fastrtps/rmw_fastrtps_shared_cpp -DCMAKE_INSTALL_PREFIX=/home/leeminjea/ros2_rmw_ws/src/rmw_fastrtps/install/rmw_fastrtps_shared_cpp
[6.796s] DEBUG:colcon.colcon_core.event_handler.log_command:Invoked command in '/home/leeminjea/ros2_rmw_ws/src/rmw_fastrtps/build/rmw_fastrtps_shared_cpp' returned '0': CMAKE_PREFIX_PATH=/opt/ros/humble /usr/bin/cmake /home/leeminjea/ros2_rmw_ws/src/rmw_fastrtps/rmw_fastrtps_shared_cpp -DCMAKE_INSTALL_PREFIX=/home/leeminjea/ros2_rmw_ws/src/rmw_fastrtps/install/rmw_fastrtps_shared_cpp
[6.799s] DEBUG:colcon.colcon_core.event_handler.log_command:Invoking command in '/home/leeminjea/ros2_rmw_ws/src/rmw_fastrtps/build/rmw_fastrtps_shared_cpp': CMAKE_PREFIX_PATH=/opt/ros/humble /usr/bin/cmake --build /home/leeminjea/ros2_rmw_ws/src/rmw_fastrtps/build/rmw_fastrtps_shared_cpp -- -j2 -l2
[151.006s] DEBUG:colcon.colcon_core.event_handler.log_command:Invoked command in '/home/leeminjea/ros2_rmw_ws/src/rmw_fastrtps/build/rmw_fastrtps_shared_cpp' returned '0': CMAKE_PREFIX_PATH=/opt/ros/humble /usr/bin/cmake --build /home/leeminjea/ros2_rmw_ws/src/rmw_fastrtps/build/rmw_fastrtps_shared_cpp -- -j2 -l2
[151.024s] DEBUG:colcon.colcon_core.event_handler.log_command:Invoking command in '/home/leeminjea/ros2_rmw_ws/src/rmw_fastrtps/build/rmw_fastrtps_shared_cpp': CMAKE_PREFIX_PATH=/opt/ros/humble /usr/bin/cmake --install /home/leeminjea/ros2_rmw_ws/src/rmw_fastrtps/build/rmw_fastrtps_shared_cpp
[151.127s] Level 1:colcon.colcon_core.environment:create_environment_scripts_only(rmw_fastrtps_shared_cpp)
[151.128s] DEBUG:colcon.colcon_core.event_handler.log_command:Invoked command in '/home/leeminjea/ros2_rmw_ws/src/rmw_fastrtps/build/rmw_fastrtps_shared_cpp' returned '0': CMAKE_PREFIX_PATH=/opt/ros/humble /usr/bin/cmake --install /home/leeminjea/ros2_rmw_ws/src/rmw_fastrtps/build/rmw_fastrtps_shared_cpp
[151.163s] Level 1:colcon.colcon_core.environment:checking '/home/leeminjea/ros2_rmw_ws/src/rmw_fastrtps/install/rmw_fastrtps_shared_cpp' for CMake module files
[151.165s] Level 1:colcon.colcon_core.environment:checking '/home/leeminjea/ros2_rmw_ws/src/rmw_fastrtps/install/rmw_fastrtps_shared_cpp' for CMake config files
[151.166s] Level 1:colcon.colcon_core.shell:create_environment_hook('rmw_fastrtps_shared_cpp', 'cmake_prefix_path')
[151.166s] INFO:colcon.colcon_core.shell:Creating environment hook '/home/leeminjea/ros2_rmw_ws/src/rmw_fastrtps/install/rmw_fastrtps_shared_cpp/share/rmw_fastrtps_shared_cpp/hook/cmake_prefix_path.ps1'
[151.172s] INFO:colcon.colcon_core.shell:Creating environment descriptor '/home/leeminjea/ros2_rmw_ws/src/rmw_fastrtps/install/rmw_fastrtps_shared_cpp/share/rmw_fastrtps_shared_cpp/hook/cmake_prefix_path.dsv'
[151.175s] INFO:colcon.colcon_core.shell:Creating environment hook '/home/leeminjea/ros2_rmw_ws/src/rmw_fastrtps/install/rmw_fastrtps_shared_cpp/share/rmw_fastrtps_shared_cpp/hook/cmake_prefix_path.sh'
[151.178s] Level 1:colcon.colcon_core.environment:checking '/home/leeminjea/ros2_rmw_ws/src/rmw_fastrtps/install/rmw_fastrtps_shared_cpp/lib'
[151.179s] Level 1:colcon.colcon_core.shell:create_environment_hook('rmw_fastrtps_shared_cpp', 'ld_library_path_lib')
[151.179s] INFO:colcon.colcon_core.shell:Creating environment hook '/home/leeminjea/ros2_rmw_ws/src/rmw_fastrtps/install/rmw_fastrtps_shared_cpp/share/rmw_fastrtps_shared_cpp/hook/ld_library_path_lib.ps1'
[151.181s] INFO:colcon.colcon_core.shell:Creating environment descriptor '/home/leeminjea/ros2_rmw_ws/src/rmw_fastrtps/install/rmw_fastrtps_shared_cpp/share/rmw_fastrtps_shared_cpp/hook/ld_library_path_lib.dsv'
[151.182s] INFO:colcon.colcon_core.shell:Creating environment hook '/home/leeminjea/ros2_rmw_ws/src/rmw_fastrtps/install/rmw_fastrtps_shared_cpp/share/rmw_fastrtps_shared_cpp/hook/ld_library_path_lib.sh'
[151.185s] Level 1:colcon.colcon_core.environment:checking '/home/leeminjea/ros2_rmw_ws/src/rmw_fastrtps/install/rmw_fastrtps_shared_cpp/bin'
[151.185s] Level 1:colcon.colcon_core.environment:checking '/home/leeminjea/ros2_rmw_ws/src/rmw_fastrtps/install/rmw_fastrtps_shared_cpp/lib/pkgconfig/rmw_fastrtps_shared_cpp.pc'
[151.185s] Level 1:colcon.colcon_core.environment:checking '/home/leeminjea/ros2_rmw_ws/src/rmw_fastrtps/install/rmw_fastrtps_shared_cpp/lib/python3.10/site-packages'
[151.186s] Level 1:colcon.colcon_core.environment:checking '/home/leeminjea/ros2_rmw_ws/src/rmw_fastrtps/install/rmw_fastrtps_shared_cpp/bin'
[151.186s] INFO:colcon.colcon_core.shell:Creating package script '/home/leeminjea/ros2_rmw_ws/src/rmw_fastrtps/install/rmw_fastrtps_shared_cpp/share/rmw_fastrtps_shared_cpp/package.ps1'
[151.188s] INFO:colcon.colcon_core.shell:Creating package descriptor '/home/leeminjea/ros2_rmw_ws/src/rmw_fastrtps/install/rmw_fastrtps_shared_cpp/share/rmw_fastrtps_shared_cpp/package.dsv'
[151.191s] INFO:colcon.colcon_core.shell:Creating package script '/home/leeminjea/ros2_rmw_ws/src/rmw_fastrtps/install/rmw_fastrtps_shared_cpp/share/rmw_fastrtps_shared_cpp/package.sh'
[151.199s] INFO:colcon.colcon_core.shell:Creating package script '/home/leeminjea/ros2_rmw_ws/src/rmw_fastrtps/install/rmw_fastrtps_shared_cpp/share/rmw_fastrtps_shared_cpp/package.bash'
[151.205s] INFO:colcon.colcon_core.shell:Creating package script '/home/leeminjea/ros2_rmw_ws/src/rmw_fastrtps/install/rmw_fastrtps_shared_cpp/share/rmw_fastrtps_shared_cpp/package.zsh'
[151.209s] Level 1:colcon.colcon_core.environment:create_file_with_runtime_dependencies(/home/leeminjea/ros2_rmw_ws/src/rmw_fastrtps/install/rmw_fastrtps_shared_cpp/share/colcon-core/packages/rmw_fastrtps_shared_cpp)
[151.210s] Level 1:colcon.colcon_core.environment:create_environment_scripts_only(rmw_fastrtps_shared_cpp)
[151.211s] Level 1:colcon.colcon_core.environment:checking '/home/leeminjea/ros2_rmw_ws/src/rmw_fastrtps/install/rmw_fastrtps_shared_cpp' for CMake module files
[151.211s] Level 1:colcon.colcon_core.environment:checking '/home/leeminjea/ros2_rmw_ws/src/rmw_fastrtps/install/rmw_fastrtps_shared_cpp' for CMake config files
[151.211s] Level 1:colcon.colcon_core.shell:create_environment_hook('rmw_fastrtps_shared_cpp', 'cmake_prefix_path')
[151.212s] INFO:colcon.colcon_core.shell:Creating environment hook '/home/leeminjea/ros2_rmw_ws/src/rmw_fastrtps/install/rmw_fastrtps_shared_cpp/share/rmw_fastrtps_shared_cpp/hook/cmake_prefix_path.ps1'
[151.213s] INFO:colcon.colcon_core.shell:Creating environment descriptor '/home/leeminjea/ros2_rmw_ws/src/rmw_fastrtps/install/rmw_fastrtps_shared_cpp/share/rmw_fastrtps_shared_cpp/hook/cmake_prefix_path.dsv'
[151.214s] INFO:colcon.colcon_core.shell:Creating environment hook '/home/leeminjea/ros2_rmw_ws/src/rmw_fastrtps/install/rmw_fastrtps_shared_cpp/share/rmw_fastrtps_shared_cpp/hook/cmake_prefix_path.sh'
[151.216s] Level 1:colcon.colcon_core.environment:checking '/home/leeminjea/ros2_rmw_ws/src/rmw_fastrtps/install/rmw_fastrtps_shared_cpp/lib'
[151.216s] Level 1:colcon.colcon_core.shell:create_environment_hook('rmw_fastrtps_shared_cpp', 'ld_library_path_lib')
[151.217s] INFO:colcon.colcon_core.shell:Creating environment hook '/home/leeminjea/ros2_rmw_ws/src/rmw_fastrtps/install/rmw_fastrtps_shared_cpp/share/rmw_fastrtps_shared_cpp/hook/ld_library_path_lib.ps1'
[151.219s] INFO:colcon.colcon_core.shell:Creating environment descriptor '/home/leeminjea/ros2_rmw_ws/src/rmw_fastrtps/install/rmw_fastrtps_shared_cpp/share/rmw_fastrtps_shared_cpp/hook/ld_library_path_lib.dsv'
[151.222s] INFO:colcon.colcon_core.shell:Creating environment hook '/home/leeminjea/ros2_rmw_ws/src/rmw_fastrtps/install/rmw_fastrtps_shared_cpp/share/rmw_fastrtps_shared_cpp/hook/ld_library_path_lib.sh'
[151.224s] Level 1:colcon.colcon_core.environment:checking '/home/leeminjea/ros2_rmw_ws/src/rmw_fastrtps/install/rmw_fastrtps_shared_cpp/bin'
[151.224s] Level 1:colcon.colcon_core.environment:checking '/home/leeminjea/ros2_rmw_ws/src/rmw_fastrtps/install/rmw_fastrtps_shared_cpp/lib/pkgconfig/rmw_fastrtps_shared_cpp.pc'
[151.224s] Level 1:colcon.colcon_core.environment:checking '/home/leeminjea/ros2_rmw_ws/src/rmw_fastrtps/install/rmw_fastrtps_shared_cpp/lib/python3.10/site-packages'
[151.225s] Level 1:colcon.colcon_core.environment:checking '/home/leeminjea/ros2_rmw_ws/src/rmw_fastrtps/install/rmw_fastrtps_shared_cpp/bin'
[151.226s] INFO:colcon.colcon_core.shell:Creating package script '/home/leeminjea/ros2_rmw_ws/src/rmw_fastrtps/install/rmw_fastrtps_shared_cpp/share/rmw_fastrtps_shared_cpp/package.ps1'
[151.230s] INFO:colcon.colcon_core.shell:Creating package descriptor '/home/leeminjea/ros2_rmw_ws/src/rmw_fastrtps/install/rmw_fastrtps_shared_cpp/share/rmw_fastrtps_shared_cpp/package.dsv'
[151.232s] INFO:colcon.colcon_core.shell:Creating package script '/home/leeminjea/ros2_rmw_ws/src/rmw_fastrtps/install/rmw_fastrtps_shared_cpp/share/rmw_fastrtps_shared_cpp/package.sh'
[151.234s] INFO:colcon.colcon_core.shell:Creating package script '/home/leeminjea/ros2_rmw_ws/src/rmw_fastrtps/install/rmw_fastrtps_shared_cpp/share/rmw_fastrtps_shared_cpp/package.bash'
[151.237s] INFO:colcon.colcon_core.shell:Creating package script '/home/leeminjea/ros2_rmw_ws/src/rmw_fastrtps/install/rmw_fastrtps_shared_cpp/share/rmw_fastrtps_shared_cpp/package.zsh'
[151.239s] Level 1:colcon.colcon_core.environment:create_file_with_runtime_dependencies(/home/leeminjea/ros2_rmw_ws/src/rmw_fastrtps/install/rmw_fastrtps_shared_cpp/share/colcon-core/packages/rmw_fastrtps_shared_cpp)
[151.241s] INFO:colcon.colcon_ros.task.ament_cmake.build:Building ROS package in '/home/leeminjea/ros2_rmw_ws/src/rmw_fastrtps/rmw_fastrtps_cpp' with build type 'ament_cmake'
[151.241s] INFO:colcon.colcon_cmake.task.cmake.build:Building CMake package in '/home/leeminjea/ros2_rmw_ws/src/rmw_fastrtps/rmw_fastrtps_cpp'
[151.243s] INFO:colcon.colcon_core.shell:Skip shell extension 'powershell' for command environment: Not usable outside of PowerShell
[151.243s] DEBUG:colcon.colcon_core.shell:Skip shell extension 'dsv' for command environment
[151.276s] INFO:colcon.colcon_ros.task.ament_cmake.build:Building ROS package in '/home/leeminjea/ros2_rmw_ws/src/rmw_fastrtps/rmw_fastrtps_dynamic_cpp' with build type 'ament_cmake'
[151.276s] INFO:colcon.colcon_cmake.task.cmake.build:Building CMake package in '/home/leeminjea/ros2_rmw_ws/src/rmw_fastrtps/rmw_fastrtps_dynamic_cpp'
[151.276s] INFO:colcon.colcon_core.shell:Skip shell extension 'powershell' for command environment: Not usable outside of PowerShell
[151.276s] DEBUG:colcon.colcon_core.shell:Skip shell extension 'dsv' for command environment
[151.313s] DEBUG:colcon.colcon_core.event_handler.log_command:Invoking command in '/home/leeminjea/ros2_rmw_ws/src/rmw_fastrtps/build/rmw_fastrtps_cpp': AMENT_PREFIX_PATH=/home/leeminjea/ros2_rmw_ws/src/rmw_fastrtps/install/rmw_fastrtps_shared_cpp:${AMENT_PREFIX_PATH} CMAKE_PREFIX_PATH=/home/leeminjea/ros2_rmw_ws/src/rmw_fastrtps/install/rmw_fastrtps_shared_cpp:/opt/ros/humble LD_LIBRARY_PATH=/home/leeminjea/ros2_rmw_ws/src/rmw_fastrtps/install/rmw_fastrtps_shared_cpp/lib:${LD_LIBRARY_PATH} /usr/bin/cmake /home/leeminjea/ros2_rmw_ws/src/rmw_fastrtps/rmw_fastrtps_cpp -DCMAKE_INSTALL_PREFIX=/home/leeminjea/ros2_rmw_ws/src/rmw_fastrtps/install/rmw_fastrtps_cpp
[151.347s] DEBUG:colcon.colcon_core.event_handler.log_command:Invoking command in '/home/leeminjea/ros2_rmw_ws/src/rmw_fastrtps/build/rmw_fastrtps_dynamic_cpp': AMENT_PREFIX_PATH=/home/leeminjea/ros2_rmw_ws/src/rmw_fastrtps/install/rmw_fastrtps_shared_cpp:${AMENT_PREFIX_PATH} CMAKE_PREFIX_PATH=/home/leeminjea/ros2_rmw_ws/src/rmw_fastrtps/install/rmw_fastrtps_shared_cpp:/opt/ros/humble LD_LIBRARY_PATH=/home/leeminjea/ros2_rmw_ws/src/rmw_fastrtps/install/rmw_fastrtps_shared_cpp/lib:${LD_LIBRARY_PATH} /usr/bin/cmake /home/leeminjea/ros2_rmw_ws/src/rmw_fastrtps/rmw_fastrtps_dynamic_cpp -DCMAKE_INSTALL_PREFIX=/home/leeminjea/ros2_rmw_ws/src/rmw_fastrtps/install/rmw_fastrtps_dynamic_cpp
[155.302s] DEBUG:colcon.colcon_core.event_handler.log_command:Invoked command in '/home/leeminjea/ros2_rmw_ws/src/rmw_fastrtps/build/rmw_fastrtps_dynamic_cpp' returned '0': AMENT_PREFIX_PATH=/home/leeminjea/ros2_rmw_ws/src/rmw_fastrtps/install/rmw_fastrtps_shared_cpp:${AMENT_PREFIX_PATH} CMAKE_PREFIX_PATH=/home/leeminjea/ros2_rmw_ws/src/rmw_fastrtps/install/rmw_fastrtps_shared_cpp:/opt/ros/humble LD_LIBRARY_PATH=/home/leeminjea/ros2_rmw_ws/src/rmw_fastrtps/install/rmw_fastrtps_shared_cpp/lib:${LD_LIBRARY_PATH} /usr/bin/cmake /home/leeminjea/ros2_rmw_ws/src/rmw_fastrtps/rmw_fastrtps_dynamic_cpp -DCMAKE_INSTALL_PREFIX=/home/leeminjea/ros2_rmw_ws/src/rmw_fastrtps/install/rmw_fastrtps_dynamic_cpp
[155.303s] DEBUG:colcon.colcon_core.event_handler.log_command:Invoking command in '/home/leeminjea/ros2_rmw_ws/src/rmw_fastrtps/build/rmw_fastrtps_dynamic_cpp': AMENT_PREFIX_PATH=/home/leeminjea/ros2_rmw_ws/src/rmw_fastrtps/install/rmw_fastrtps_shared_cpp:${AMENT_PREFIX_PATH} CMAKE_PREFIX_PATH=/home/leeminjea/ros2_rmw_ws/src/rmw_fastrtps/install/rmw_fastrtps_shared_cpp:/opt/ros/humble LD_LIBRARY_PATH=/home/leeminjea/ros2_rmw_ws/src/rmw_fastrtps/install/rmw_fastrtps_shared_cpp/lib:${LD_LIBRARY_PATH} /usr/bin/cmake --build /home/leeminjea/ros2_rmw_ws/src/rmw_fastrtps/build/rmw_fastrtps_dynamic_cpp -- -j2 -l2
[155.653s] DEBUG:colcon.colcon_core.event_handler.log_command:Invoked command in '/home/leeminjea/ros2_rmw_ws/src/rmw_fastrtps/build/rmw_fastrtps_cpp' returned '0': AMENT_PREFIX_PATH=/home/leeminjea/ros2_rmw_ws/src/rmw_fastrtps/install/rmw_fastrtps_shared_cpp:${AMENT_PREFIX_PATH} CMAKE_PREFIX_PATH=/home/leeminjea/ros2_rmw_ws/src/rmw_fastrtps/install/rmw_fastrtps_shared_cpp:/opt/ros/humble LD_LIBRARY_PATH=/home/leeminjea/ros2_rmw_ws/src/rmw_fastrtps/install/rmw_fastrtps_shared_cpp/lib:${LD_LIBRARY_PATH} /usr/bin/cmake /home/leeminjea/ros2_rmw_ws/src/rmw_fastrtps/rmw_fastrtps_cpp -DCMAKE_INSTALL_PREFIX=/home/leeminjea/ros2_rmw_ws/src/rmw_fastrtps/install/rmw_fastrtps_cpp
[155.653s] DEBUG:colcon.colcon_core.event_handler.log_command:Invoking command in '/home/leeminjea/ros2_rmw_ws/src/rmw_fastrtps/build/rmw_fastrtps_cpp': AMENT_PREFIX_PATH=/home/leeminjea/ros2_rmw_ws/src/rmw_fastrtps/install/rmw_fastrtps_shared_cpp:${AMENT_PREFIX_PATH} CMAKE_PREFIX_PATH=/home/leeminjea/ros2_rmw_ws/src/rmw_fastrtps/install/rmw_fastrtps_shared_cpp:/opt/ros/humble LD_LIBRARY_PATH=/home/leeminjea/ros2_rmw_ws/src/rmw_fastrtps/install/rmw_fastrtps_shared_cpp/lib:${LD_LIBRARY_PATH} /usr/bin/cmake --build /home/leeminjea/ros2_rmw_ws/src/rmw_fastrtps/build/rmw_fastrtps_cpp -- -j2 -l2
[268.913s] DEBUG:colcon.colcon_core.event_handler.log_command:Invoked command in '/home/leeminjea/ros2_rmw_ws/src/rmw_fastrtps/build/rmw_fastrtps_cpp' returned '0': AMENT_PREFIX_PATH=/home/leeminjea/ros2_rmw_ws/src/rmw_fastrtps/install/rmw_fastrtps_shared_cpp:${AMENT_PREFIX_PATH} CMAKE_PREFIX_PATH=/home/leeminjea/ros2_rmw_ws/src/rmw_fastrtps/install/rmw_fastrtps_shared_cpp:/opt/ros/humble LD_LIBRARY_PATH=/home/leeminjea/ros2_rmw_ws/src/rmw_fastrtps/install/rmw_fastrtps_shared_cpp/lib:${LD_LIBRARY_PATH} /usr/bin/cmake --build /home/leeminjea/ros2_rmw_ws/src/rmw_fastrtps/build/rmw_fastrtps_cpp -- -j2 -l2
[268.920s] DEBUG:colcon.colcon_core.event_handler.log_command:Invoking command in '/home/leeminjea/ros2_rmw_ws/src/rmw_fastrtps/build/rmw_fastrtps_cpp': AMENT_PREFIX_PATH=/home/leeminjea/ros2_rmw_ws/src/rmw_fastrtps/install/rmw_fastrtps_shared_cpp:${AMENT_PREFIX_PATH} CMAKE_PREFIX_PATH=/home/leeminjea/ros2_rmw_ws/src/rmw_fastrtps/install/rmw_fastrtps_shared_cpp:/opt/ros/humble LD_LIBRARY_PATH=/home/leeminjea/ros2_rmw_ws/src/rmw_fastrtps/install/rmw_fastrtps_shared_cpp/lib:${LD_LIBRARY_PATH} /usr/bin/cmake --install /home/leeminjea/ros2_rmw_ws/src/rmw_fastrtps/build/rmw_fastrtps_cpp
[268.982s] Level 1:colcon.colcon_core.environment:create_environment_scripts_only(rmw_fastrtps_cpp)
[268.982s] Level 1:colcon.colcon_core.environment:checking '/home/leeminjea/ros2_rmw_ws/src/rmw_fastrtps/install/rmw_fastrtps_cpp' for CMake module files
[268.983s] DEBUG:colcon.colcon_core.event_handler.log_command:Invoked command in '/home/leeminjea/ros2_rmw_ws/src/rmw_fastrtps/build/rmw_fastrtps_cpp' returned '0': AMENT_PREFIX_PATH=/home/leeminjea/ros2_rmw_ws/src/rmw_fastrtps/install/rmw_fastrtps_shared_cpp:${AMENT_PREFIX_PATH} CMAKE_PREFIX_PATH=/home/leeminjea/ros2_rmw_ws/src/rmw_fastrtps/install/rmw_fastrtps_shared_cpp:/opt/ros/humble LD_LIBRARY_PATH=/home/leeminjea/ros2_rmw_ws/src/rmw_fastrtps/install/rmw_fastrtps_shared_cpp/lib:${LD_LIBRARY_PATH} /usr/bin/cmake --install /home/leeminjea/ros2_rmw_ws/src/rmw_fastrtps/build/rmw_fastrtps_cpp
[268.984s] Level 1:colcon.colcon_core.environment:checking '/home/leeminjea/ros2_rmw_ws/src/rmw_fastrtps/install/rmw_fastrtps_cpp' for CMake config files
[268.984s] Level 1:colcon.colcon_core.shell:create_environment_hook('rmw_fastrtps_cpp', 'cmake_prefix_path')
[268.984s] INFO:colcon.colcon_core.shell:Creating environment hook '/home/leeminjea/ros2_rmw_ws/src/rmw_fastrtps/install/rmw_fastrtps_cpp/share/rmw_fastrtps_cpp/hook/cmake_prefix_path.ps1'
[268.985s] INFO:colcon.colcon_core.shell:Creating environment descriptor '/home/leeminjea/ros2_rmw_ws/src/rmw_fastrtps/install/rmw_fastrtps_cpp/share/rmw_fastrtps_cpp/hook/cmake_prefix_path.dsv'
[268.985s] INFO:colcon.colcon_core.shell:Creating environment hook '/home/leeminjea/ros2_rmw_ws/src/rmw_fastrtps/install/rmw_fastrtps_cpp/share/rmw_fastrtps_cpp/hook/cmake_prefix_path.sh'
[268.986s] Level 1:colcon.colcon_core.environment:checking '/home/leeminjea/ros2_rmw_ws/src/rmw_fastrtps/install/rmw_fastrtps_cpp/lib'
[268.986s] Level 1:colcon.colcon_core.shell:create_environment_hook('rmw_fastrtps_cpp', 'ld_library_path_lib')
[268.986s] INFO:colcon.colcon_core.shell:Creating environment hook '/home/leeminjea/ros2_rmw_ws/src/rmw_fastrtps/install/rmw_fastrtps_cpp/share/rmw_fastrtps_cpp/hook/ld_library_path_lib.ps1'
[268.987s] INFO:colcon.colcon_core.shell:Creating environment descriptor '/home/leeminjea/ros2_rmw_ws/src/rmw_fastrtps/install/rmw_fastrtps_cpp/share/rmw_fastrtps_cpp/hook/ld_library_path_lib.dsv'
[268.987s] INFO:colcon.colcon_core.shell:Creating environment hook '/home/leeminjea/ros2_rmw_ws/src/rmw_fastrtps/install/rmw_fastrtps_cpp/share/rmw_fastrtps_cpp/hook/ld_library_path_lib.sh'
[268.988s] Level 1:colcon.colcon_core.environment:checking '/home/leeminjea/ros2_rmw_ws/src/rmw_fastrtps/install/rmw_fastrtps_cpp/bin'
[268.988s] Level 1:colcon.colcon_core.environment:checking '/home/leeminjea/ros2_rmw_ws/src/rmw_fastrtps/install/rmw_fastrtps_cpp/lib/pkgconfig/rmw_fastrtps_cpp.pc'
[268.988s] Level 1:colcon.colcon_core.environment:checking '/home/leeminjea/ros2_rmw_ws/src/rmw_fastrtps/install/rmw_fastrtps_cpp/lib/python3.10/site-packages'
[268.989s] Level 1:colcon.colcon_core.environment:checking '/home/leeminjea/ros2_rmw_ws/src/rmw_fastrtps/install/rmw_fastrtps_cpp/bin'
[268.989s] INFO:colcon.colcon_core.shell:Creating package script '/home/leeminjea/ros2_rmw_ws/src/rmw_fastrtps/install/rmw_fastrtps_cpp/share/rmw_fastrtps_cpp/package.ps1'
[268.990s] INFO:colcon.colcon_core.shell:Creating package descriptor '/home/leeminjea/ros2_rmw_ws/src/rmw_fastrtps/install/rmw_fastrtps_cpp/share/rmw_fastrtps_cpp/package.dsv'
[268.990s] INFO:colcon.colcon_core.shell:Creating package script '/home/leeminjea/ros2_rmw_ws/src/rmw_fastrtps/install/rmw_fastrtps_cpp/share/rmw_fastrtps_cpp/package.sh'
[268.998s] INFO:colcon.colcon_core.shell:Creating package script '/home/leeminjea/ros2_rmw_ws/src/rmw_fastrtps/install/rmw_fastrtps_cpp/share/rmw_fastrtps_cpp/package.bash'
[268.998s] INFO:colcon.colcon_core.shell:Creating package script '/home/leeminjea/ros2_rmw_ws/src/rmw_fastrtps/install/rmw_fastrtps_cpp/share/rmw_fastrtps_cpp/package.zsh'
[268.998s] Level 1:colcon.colcon_core.environment:create_file_with_runtime_dependencies(/home/leeminjea/ros2_rmw_ws/src/rmw_fastrtps/install/rmw_fastrtps_cpp/share/colcon-core/packages/rmw_fastrtps_cpp)
[268.999s] Level 1:colcon.colcon_core.environment:create_environment_scripts_only(rmw_fastrtps_cpp)
[269.000s] Level 1:colcon.colcon_core.environment:checking '/home/leeminjea/ros2_rmw_ws/src/rmw_fastrtps/install/rmw_fastrtps_cpp' for CMake module files
[269.000s] Level 1:colcon.colcon_core.environment:checking '/home/leeminjea/ros2_rmw_ws/src/rmw_fastrtps/install/rmw_fastrtps_cpp' for CMake config files
[269.001s] Level 1:colcon.colcon_core.shell:create_environment_hook('rmw_fastrtps_cpp', 'cmake_prefix_path')
[269.001s] INFO:colcon.colcon_core.shell:Creating environment hook '/home/leeminjea/ros2_rmw_ws/src/rmw_fastrtps/install/rmw_fastrtps_cpp/share/rmw_fastrtps_cpp/hook/cmake_prefix_path.ps1'
[269.005s] INFO:colcon.colcon_core.shell:Creating environment descriptor '/home/leeminjea/ros2_rmw_ws/src/rmw_fastrtps/install/rmw_fastrtps_cpp/share/rmw_fastrtps_cpp/hook/cmake_prefix_path.dsv'
[269.006s] INFO:colcon.colcon_core.shell:Creating environment hook '/home/leeminjea/ros2_rmw_ws/src/rmw_fastrtps/install/rmw_fastrtps_cpp/share/rmw_fastrtps_cpp/hook/cmake_prefix_path.sh'
[269.015s] Level 1:colcon.colcon_core.environment:checking '/home/leeminjea/ros2_rmw_ws/src/rmw_fastrtps/install/rmw_fastrtps_cpp/lib'
[269.016s] Level 1:colcon.colcon_core.shell:create_environment_hook('rmw_fastrtps_cpp', 'ld_library_path_lib')
[269.016s] INFO:colcon.colcon_core.shell:Creating environment hook '/home/leeminjea/ros2_rmw_ws/src/rmw_fastrtps/install/rmw_fastrtps_cpp/share/rmw_fastrtps_cpp/hook/ld_library_path_lib.ps1'
[269.019s] INFO:colcon.colcon_core.shell:Creating environment descriptor '/home/leeminjea/ros2_rmw_ws/src/rmw_fastrtps/install/rmw_fastrtps_cpp/share/rmw_fastrtps_cpp/hook/ld_library_path_lib.dsv'
[269.020s] INFO:colcon.colcon_core.shell:Creating environment hook '/home/leeminjea/ros2_rmw_ws/src/rmw_fastrtps/install/rmw_fastrtps_cpp/share/rmw_fastrtps_cpp/hook/ld_library_path_lib.sh'
[269.021s] Level 1:colcon.colcon_core.environment:checking '/home/leeminjea/ros2_rmw_ws/src/rmw_fastrtps/install/rmw_fastrtps_cpp/bin'
[269.024s] Level 1:colcon.colcon_core.environment:checking '/home/leeminjea/ros2_rmw_ws/src/rmw_fastrtps/install/rmw_fastrtps_cpp/lib/pkgconfig/rmw_fastrtps_cpp.pc'
[269.024s] Level 1:colcon.colcon_core.environment:checking '/home/leeminjea/ros2_rmw_ws/src/rmw_fastrtps/install/rmw_fastrtps_cpp/lib/python3.10/site-packages'
[269.025s] Level 1:colcon.colcon_core.environment:checking '/home/leeminjea/ros2_rmw_ws/src/rmw_fastrtps/install/rmw_fastrtps_cpp/bin'
[269.026s] INFO:colcon.colcon_core.shell:Creating package script '/home/leeminjea/ros2_rmw_ws/src/rmw_fastrtps/install/rmw_fastrtps_cpp/share/rmw_fastrtps_cpp/package.ps1'
[269.027s] INFO:colcon.colcon_core.shell:Creating package descriptor '/home/leeminjea/ros2_rmw_ws/src/rmw_fastrtps/install/rmw_fastrtps_cpp/share/rmw_fastrtps_cpp/package.dsv'
[269.029s] INFO:colcon.colcon_core.shell:Creating package script '/home/leeminjea/ros2_rmw_ws/src/rmw_fastrtps/install/rmw_fastrtps_cpp/share/rmw_fastrtps_cpp/package.sh'
[269.041s] INFO:colcon.colcon_core.shell:Creating package script '/home/leeminjea/ros2_rmw_ws/src/rmw_fastrtps/install/rmw_fastrtps_cpp/share/rmw_fastrtps_cpp/package.bash'
[269.043s] INFO:colcon.colcon_core.shell:Creating package script '/home/leeminjea/ros2_rmw_ws/src/rmw_fastrtps/install/rmw_fastrtps_cpp/share/rmw_fastrtps_cpp/package.zsh'
[269.047s] Level 1:colcon.colcon_core.environment:create_file_with_runtime_dependencies(/home/leeminjea/ros2_rmw_ws/src/rmw_fastrtps/install/rmw_fastrtps_cpp/share/colcon-core/packages/rmw_fastrtps_cpp)
[285.831s] DEBUG:colcon.colcon_core.event_handler.log_command:Invoked command in '/home/leeminjea/ros2_rmw_ws/src/rmw_fastrtps/build/rmw_fastrtps_dynamic_cpp' returned '0': AMENT_PREFIX_PATH=/home/leeminjea/ros2_rmw_ws/src/rmw_fastrtps/install/rmw_fastrtps_shared_cpp:${AMENT_PREFIX_PATH} CMAKE_PREFIX_PATH=/home/leeminjea/ros2_rmw_ws/src/rmw_fastrtps/install/rmw_fastrtps_shared_cpp:/opt/ros/humble LD_LIBRARY_PATH=/home/leeminjea/ros2_rmw_ws/src/rmw_fastrtps/install/rmw_fastrtps_shared_cpp/lib:${LD_LIBRARY_PATH} /usr/bin/cmake --build /home/leeminjea/ros2_rmw_ws/src/rmw_fastrtps/build/rmw_fastrtps_dynamic_cpp -- -j2 -l2
[285.832s] DEBUG:colcon.colcon_core.event_handler.log_command:Invoking command in '/home/leeminjea/ros2_rmw_ws/src/rmw_fastrtps/build/rmw_fastrtps_dynamic_cpp': AMENT_PREFIX_PATH=/home/leeminjea/ros2_rmw_ws/src/rmw_fastrtps/install/rmw_fastrtps_shared_cpp:${AMENT_PREFIX_PATH} CMAKE_PREFIX_PATH=/home/leeminjea/ros2_rmw_ws/src/rmw_fastrtps/install/rmw_fastrtps_shared_cpp:/opt/ros/humble LD_LIBRARY_PATH=/home/leeminjea/ros2_rmw_ws/src/rmw_fastrtps/install/rmw_fastrtps_shared_cpp/lib:${LD_LIBRARY_PATH} /usr/bin/cmake --install /home/leeminjea/ros2_rmw_ws/src/rmw_fastrtps/build/rmw_fastrtps_dynamic_cpp
[285.909s] Level 1:colcon.colcon_core.environment:create_environment_scripts_only(rmw_fastrtps_dynamic_cpp)
[285.910s] Level 1:colcon.colcon_core.environment:checking '/home/leeminjea/ros2_rmw_ws/src/rmw_fastrtps/install/rmw_fastrtps_dynamic_cpp' for CMake module files
[285.910s] DEBUG:colcon.colcon_core.event_handler.log_command:Invoked command in '/home/leeminjea/ros2_rmw_ws/src/rmw_fastrtps/build/rmw_fastrtps_dynamic_cpp' returned '0': AMENT_PREFIX_PATH=/home/leeminjea/ros2_rmw_ws/src/rmw_fastrtps/install/rmw_fastrtps_shared_cpp:${AMENT_PREFIX_PATH} CMAKE_PREFIX_PATH=/home/leeminjea/ros2_rmw_ws/src/rmw_fastrtps/install/rmw_fastrtps_shared_cpp:/opt/ros/humble LD_LIBRARY_PATH=/home/leeminjea/ros2_rmw_ws/src/rmw_fastrtps/install/rmw_fastrtps_shared_cpp/lib:${LD_LIBRARY_PATH} /usr/bin/cmake --install /home/leeminjea/ros2_rmw_ws/src/rmw_fastrtps/build/rmw_fastrtps_dynamic_cpp
[285.911s] Level 1:colcon.colcon_core.environment:checking '/home/leeminjea/ros2_rmw_ws/src/rmw_fastrtps/install/rmw_fastrtps_dynamic_cpp' for CMake config files
[285.911s] Level 1:colcon.colcon_core.shell:create_environment_hook('rmw_fastrtps_dynamic_cpp', 'cmake_prefix_path')
[285.911s] INFO:colcon.colcon_core.shell:Creating environment hook '/home/leeminjea/ros2_rmw_ws/src/rmw_fastrtps/install/rmw_fastrtps_dynamic_cpp/share/rmw_fastrtps_dynamic_cpp/hook/cmake_prefix_path.ps1'
[285.916s] INFO:colcon.colcon_core.shell:Creating environment descriptor '/home/leeminjea/ros2_rmw_ws/src/rmw_fastrtps/install/rmw_fastrtps_dynamic_cpp/share/rmw_fastrtps_dynamic_cpp/hook/cmake_prefix_path.dsv'
[285.917s] INFO:colcon.colcon_core.shell:Creating environment hook '/home/leeminjea/ros2_rmw_ws/src/rmw_fastrtps/install/rmw_fastrtps_dynamic_cpp/share/rmw_fastrtps_dynamic_cpp/hook/cmake_prefix_path.sh'
[285.919s] Level 1:colcon.colcon_core.environment:checking '/home/leeminjea/ros2_rmw_ws/src/rmw_fastrtps/install/rmw_fastrtps_dynamic_cpp/lib'
[285.919s] Level 1:colcon.colcon_core.shell:create_environment_hook('rmw_fastrtps_dynamic_cpp', 'ld_library_path_lib')
[285.919s] INFO:colcon.colcon_core.shell:Creating environment hook '/home/leeminjea/ros2_rmw_ws/src/rmw_fastrtps/install/rmw_fastrtps_dynamic_cpp/share/rmw_fastrtps_dynamic_cpp/hook/ld_library_path_lib.ps1'
[285.921s] INFO:colcon.colcon_core.shell:Creating environment descriptor '/home/leeminjea/ros2_rmw_ws/src/rmw_fastrtps/install/rmw_fastrtps_dynamic_cpp/share/rmw_fastrtps_dynamic_cpp/hook/ld_library_path_lib.dsv'
[285.922s] INFO:colcon.colcon_core.shell:Creating environment hook '/home/leeminjea/ros2_rmw_ws/src/rmw_fastrtps/install/rmw_fastrtps_dynamic_cpp/share/rmw_fastrtps_dynamic_cpp/hook/ld_library_path_lib.sh'
[285.923s] Level 1:colcon.colcon_core.environment:checking '/home/leeminjea/ros2_rmw_ws/src/rmw_fastrtps/install/rmw_fastrtps_dynamic_cpp/bin'
[285.923s] Level 1:colcon.colcon_core.environment:checking '/home/leeminjea/ros2_rmw_ws/src/rmw_fastrtps/install/rmw_fastrtps_dynamic_cpp/lib/pkgconfig/rmw_fastrtps_dynamic_cpp.pc'
[285.923s] Level 1:colcon.colcon_core.environment:checking '/home/leeminjea/ros2_rmw_ws/src/rmw_fastrtps/install/rmw_fastrtps_dynamic_cpp/lib/python3.10/site-packages'
[285.924s] Level 1:colcon.colcon_core.environment:checking '/home/leeminjea/ros2_rmw_ws/src/rmw_fastrtps/install/rmw_fastrtps_dynamic_cpp/bin'
[285.925s] INFO:colcon.colcon_core.shell:Creating package script '/home/leeminjea/ros2_rmw_ws/src/rmw_fastrtps/install/rmw_fastrtps_dynamic_cpp/share/rmw_fastrtps_dynamic_cpp/package.ps1'
[285.926s] INFO:colcon.colcon_core.shell:Creating package descriptor '/home/leeminjea/ros2_rmw_ws/src/rmw_fastrtps/install/rmw_fastrtps_dynamic_cpp/share/rmw_fastrtps_dynamic_cpp/package.dsv'
[285.928s] INFO:colcon.colcon_core.shell:Creating package script '/home/leeminjea/ros2_rmw_ws/src/rmw_fastrtps/install/rmw_fastrtps_dynamic_cpp/share/rmw_fastrtps_dynamic_cpp/package.sh'
[285.930s] INFO:colcon.colcon_core.shell:Creating package script '/home/leeminjea/ros2_rmw_ws/src/rmw_fastrtps/install/rmw_fastrtps_dynamic_cpp/share/rmw_fastrtps_dynamic_cpp/package.bash'
[285.931s] INFO:colcon.colcon_core.shell:Creating package script '/home/leeminjea/ros2_rmw_ws/src/rmw_fastrtps/install/rmw_fastrtps_dynamic_cpp/share/rmw_fastrtps_dynamic_cpp/package.zsh'
[285.933s] Level 1:colcon.colcon_core.environment:create_file_with_runtime_dependencies(/home/leeminjea/ros2_rmw_ws/src/rmw_fastrtps/install/rmw_fastrtps_dynamic_cpp/share/colcon-core/packages/rmw_fastrtps_dynamic_cpp)
[285.937s] Level 1:colcon.colcon_core.environment:create_environment_scripts_only(rmw_fastrtps_dynamic_cpp)
[285.937s] Level 1:colcon.colcon_core.environment:checking '/home/leeminjea/ros2_rmw_ws/src/rmw_fastrtps/install/rmw_fastrtps_dynamic_cpp' for CMake module files
[285.937s] Level 1:colcon.colcon_core.environment:checking '/home/leeminjea/ros2_rmw_ws/src/rmw_fastrtps/install/rmw_fastrtps_dynamic_cpp' for CMake config files
[285.937s] Level 1:colcon.colcon_core.shell:create_environment_hook('rmw_fastrtps_dynamic_cpp', 'cmake_prefix_path')
[285.938s] INFO:colcon.colcon_core.shell:Creating environment hook '/home/leeminjea/ros2_rmw_ws/src/rmw_fastrtps/install/rmw_fastrtps_dynamic_cpp/share/rmw_fastrtps_dynamic_cpp/hook/cmake_prefix_path.ps1'
[285.939s] INFO:colcon.colcon_core.shell:Creating environment descriptor '/home/leeminjea/ros2_rmw_ws/src/rmw_fastrtps/install/rmw_fastrtps_dynamic_cpp/share/rmw_fastrtps_dynamic_cpp/hook/cmake_prefix_path.dsv'
[285.941s] INFO:colcon.colcon_core.shell:Creating environment hook '/home/leeminjea/ros2_rmw_ws/src/rmw_fastrtps/install/rmw_fastrtps_dynamic_cpp/share/rmw_fastrtps_dynamic_cpp/hook/cmake_prefix_path.sh'
[285.943s] Level 1:colcon.colcon_core.environment:checking '/home/leeminjea/ros2_rmw_ws/src/rmw_fastrtps/install/rmw_fastrtps_dynamic_cpp/lib'
[285.943s] Level 1:colcon.colcon_core.shell:create_environment_hook('rmw_fastrtps_dynamic_cpp', 'ld_library_path_lib')
[285.946s] INFO:colcon.colcon_core.shell:Creating environment hook '/home/leeminjea/ros2_rmw_ws/src/rmw_fastrtps/install/rmw_fastrtps_dynamic_cpp/share/rmw_fastrtps_dynamic_cpp/hook/ld_library_path_lib.ps1'
[285.950s] INFO:colcon.colcon_core.shell:Creating environment descriptor '/home/leeminjea/ros2_rmw_ws/src/rmw_fastrtps/install/rmw_fastrtps_dynamic_cpp/share/rmw_fastrtps_dynamic_cpp/hook/ld_library_path_lib.dsv'
[285.951s] INFO:colcon.colcon_core.shell:Creating environment hook '/home/leeminjea/ros2_rmw_ws/src/rmw_fastrtps/install/rmw_fastrtps_dynamic_cpp/share/rmw_fastrtps_dynamic_cpp/hook/ld_library_path_lib.sh'
[285.953s] Level 1:colcon.colcon_core.environment:checking '/home/leeminjea/ros2_rmw_ws/src/rmw_fastrtps/install/rmw_fastrtps_dynamic_cpp/bin'
[285.953s] Level 1:colcon.colcon_core.environment:checking '/home/leeminjea/ros2_rmw_ws/src/rmw_fastrtps/install/rmw_fastrtps_dynamic_cpp/lib/pkgconfig/rmw_fastrtps_dynamic_cpp.pc'
[285.954s] Level 1:colcon.colcon_core.environment:checking '/home/leeminjea/ros2_rmw_ws/src/rmw_fastrtps/install/rmw_fastrtps_dynamic_cpp/lib/python3.10/site-packages'
[285.954s] Level 1:colcon.colcon_core.environment:checking '/home/leeminjea/ros2_rmw_ws/src/rmw_fastrtps/install/rmw_fastrtps_dynamic_cpp/bin'
[285.955s] INFO:colcon.colcon_core.shell:Creating package script '/home/leeminjea/ros2_rmw_ws/src/rmw_fastrtps/install/rmw_fastrtps_dynamic_cpp/share/rmw_fastrtps_dynamic_cpp/package.ps1'
[285.957s] INFO:colcon.colcon_core.shell:Creating package descriptor '/home/leeminjea/ros2_rmw_ws/src/rmw_fastrtps/install/rmw_fastrtps_dynamic_cpp/share/rmw_fastrtps_dynamic_cpp/package.dsv'
[285.963s] INFO:colcon.colcon_core.shell:Creating package script '/home/leeminjea/ros2_rmw_ws/src/rmw_fastrtps/install/rmw_fastrtps_dynamic_cpp/share/rmw_fastrtps_dynamic_cpp/package.sh'
[285.964s] INFO:colcon.colcon_core.shell:Creating package script '/home/leeminjea/ros2_rmw_ws/src/rmw_fastrtps/install/rmw_fastrtps_dynamic_cpp/share/rmw_fastrtps_dynamic_cpp/package.bash'
[285.966s] INFO:colcon.colcon_core.shell:Creating package script '/home/leeminjea/ros2_rmw_ws/src/rmw_fastrtps/install/rmw_fastrtps_dynamic_cpp/share/rmw_fastrtps_dynamic_cpp/package.zsh'
[285.968s] Level 1:colcon.colcon_core.environment:create_file_with_runtime_dependencies(/home/leeminjea/ros2_rmw_ws/src/rmw_fastrtps/install/rmw_fastrtps_dynamic_cpp/share/colcon-core/packages/rmw_fastrtps_dynamic_cpp)
[285.972s] DEBUG:colcon.colcon_parallel_executor.executor.parallel:closing loop
[285.973s] DEBUG:colcon.colcon_parallel_executor.executor.parallel:loop closed
[285.973s] DEBUG:colcon.colcon_parallel_executor.executor.parallel:run_until_complete finished with '0'
[285.973s] DEBUG:colcon.colcon_core.event_reactor:joining thread
[286.005s] INFO:colcon.colcon_core.plugin_system:Skipping extension 'colcon_notification.desktop_notification.terminal_notifier': Not used on non-Darwin systems
[286.006s] INFO:colcon.colcon_core.plugin_system:Skipping extension 'colcon_notification.desktop_notification.win32': Not used on non-Windows systems
[286.006s] INFO:colcon.colcon_notification.desktop_notification:Sending desktop notification using 'notify2'
[286.062s] DEBUG:colcon.colcon_core.event_reactor:joined thread
[286.063s] INFO:colcon.colcon_core.shell:Creating prefix script '/home/leeminjea/ros2_rmw_ws/src/rmw_fastrtps/install/local_setup.ps1'
[286.064s] INFO:colcon.colcon_core.shell:Creating prefix util module '/home/leeminjea/ros2_rmw_ws/src/rmw_fastrtps/install/_local_setup_util_ps1.py'
[286.069s] INFO:colcon.colcon_core.shell:Creating prefix chain script '/home/leeminjea/ros2_rmw_ws/src/rmw_fastrtps/install/setup.ps1'
[286.073s] INFO:colcon.colcon_core.shell:Creating prefix script '/home/leeminjea/ros2_rmw_ws/src/rmw_fastrtps/install/local_setup.sh'
[286.076s] INFO:colcon.colcon_core.shell:Creating prefix util module '/home/leeminjea/ros2_rmw_ws/src/rmw_fastrtps/install/_local_setup_util_sh.py'
[286.083s] INFO:colcon.colcon_core.shell:Creating prefix chain script '/home/leeminjea/ros2_rmw_ws/src/rmw_fastrtps/install/setup.sh'
[286.086s] INFO:colcon.colcon_core.shell:Creating prefix script '/home/leeminjea/ros2_rmw_ws/src/rmw_fastrtps/install/local_setup.bash'
[286.090s] INFO:colcon.colcon_core.shell:Creating prefix chain script '/home/leeminjea/ros2_rmw_ws/src/rmw_fastrtps/install/setup.bash'
[286.098s] INFO:colcon.colcon_core.shell:Creating prefix script '/home/leeminjea/ros2_rmw_ws/src/rmw_fastrtps/install/local_setup.zsh'
[286.112s] INFO:colcon.colcon_core.shell:Creating prefix chain script '/home/leeminjea/ros2_rmw_ws/src/rmw_fastrtps/install/setup.zsh'
