[0.069s] Invoking command in '/home/leeminjea/ros2_rmw_ws/src/rmw_fastrtps/build/rmw_fastrtps_dynamic_cpp': AMENT_PREFIX_PATH=/home/leeminjea/ros2_rmw_ws/src/rmw_fastrtps/install/rmw_fastrtps_shared_cpp:${AMENT_PREFIX_PATH} CMAKE_PREFIX_PATH=/home/leeminjea/ros2_rmw_ws/src/rmw_fastrtps/install/rmw_fastrtps_shared_cpp:/opt/ros/humble LD_LIBRARY_PATH=/home/leeminjea/ros2_rmw_ws/src/rmw_fastrtps/install/rmw_fastrtps_shared_cpp/lib:${LD_LIBRARY_PATH} /usr/bin/cmake /home/leeminjea/ros2_rmw_ws/src/rmw_fastrtps/rmw_fastrtps_dynamic_cpp -DCMAKE_INSTALL_PREFIX=/home/leeminjea/ros2_rmw_ws/src/rmw_fastrtps/install/rmw_fastrtps_dynamic_cpp
[0.192s] -- The C compiler identification is GNU 11.4.0
[0.373s] -- The CXX compiler identification is GNU 11.4.0
[0.389s] -- Detecting C compiler ABI info
[0.758s] -- Detecting C compiler ABI info - done
[0.772s] -- Check for working C compiler: /usr/bin/cc - skipped
[0.773s] -- Detecting C compile features
[0.773s] -- Detecting C compile features - done
[0.783s] -- Detecting CXX compiler ABI info
[1.163s] -- Detecting CXX compiler ABI info - done
[1.177s] -- Check for working CXX compiler: /usr/bin/c++ - skipped
[1.177s] -- Detecting CXX compile features
[1.178s] -- Detecting CXX compile features - done
[1.180s] -- Found ament_cmake_ros: 0.10.0 (/opt/ros/humble/share/ament_cmake_ros/cmake)
[1.856s] -- Found Python3: /usr/bin/python3 (found version "3.10.12") found components: Interpreter 
[2.305s] -- Found rcpputils: 2.4.5 (/opt/ros/humble/share/rcpputils/cmake)
[2.367s] -- Found rmw_dds_common: 1.6.0 (/opt/ros/humble/share/rmw_dds_common/cmake)
[2.452s] -- Found rosidl_generator_c: 3.1.6 (/opt/ros/humble/share/rosidl_generator_c/cmake)
[2.473s] -- Found rosidl_adapter: 3.1.6 (/opt/ros/humble/share/rosidl_adapter/cmake)
[2.491s] -- Found rosidl_generator_cpp: 3.1.6 (/opt/ros/humble/share/rosidl_generator_cpp/cmake)
[2.504s] -- Using all available rosidl_typesupport_c: rosidl_typesupport_fastrtps_c;rosidl_typesupport_introspection_c
[2.537s] -- Using all available rosidl_typesupport_cpp: rosidl_typesupport_fastrtps_cpp;rosidl_typesupport_introspection_cpp
[2.566s] -- Found rmw_fastrtps_shared_cpp: 6.2.7 (/home/leeminjea/ros2_rmw_ws/src/rmw_fastrtps/install/rmw_fastrtps_shared_cpp/share/rmw_fastrtps_shared_cpp/cmake)
[2.828s] -- Found OpenSSL: /usr/lib/x86_64-linux-gnu/libcrypto.so (found version "3.0.2")  
[2.898s] -- Found FastRTPS: /opt/ros/humble/include  
[3.046s] -- Found FastRTPS: /opt/ros/humble/include (Required is at least version "2.6.2") 
[3.058s] -- Found ament_lint_auto: 0.12.12 (/opt/ros/humble/share/ament_lint_auto/cmake)
[3.345s] -- Found gtest sources under '/opt/ros/humble/src/gtest_vendor': C++ tests using 'Google Test' will be built
[3.350s] -- Looking for pthread.h
[3.606s] -- Looking for pthread.h - found
[3.606s] -- Performing Test CMAKE_HAVE_LIBC_PTHREAD
[3.858s] -- Performing Test CMAKE_HAVE_LIBC_PTHREAD - Success
[3.860s] -- Found Threads: TRUE  
[3.876s] -- Added test 'copyright' to check source files copyright and LICENSE
[3.887s] -- Added test 'cppcheck' to perform static code analysis on C / C++ code
[3.892s] -- Configured cppcheck include dirs: /home/leeminjea/ros2_rmw_ws/src/rmw_fastrtps/rmw_fastrtps_dynamic_cpp/include
[3.892s] -- Configured cppcheck exclude dirs and/or files: 
[3.900s] -- Added test 'cpplint' to check C / C++ code against the Google style
[3.900s] -- Configured cpplint exclude dirs and/or files: 
[3.907s] -- Added test 'lint_cmake' to check CMake code style
[3.913s] -- Added test 'uncrustify' to check C / C++ code style
[3.913s] -- Configured uncrustify additional arguments: 
[3.915s] -- Added test 'xmllint' to check XML markup files
[3.931s] -- Configuring done
[3.968s] -- Generating done
[3.981s] -- Build files have been written to: /home/leeminjea/ros2_rmw_ws/src/rmw_fastrtps/build/rmw_fastrtps_dynamic_cpp
[4.025s] Invoked command in '/home/leeminjea/ros2_rmw_ws/src/rmw_fastrtps/build/rmw_fastrtps_dynamic_cpp' returned '0': AMENT_PREFIX_PATH=/home/leeminjea/ros2_rmw_ws/src/rmw_fastrtps/install/rmw_fastrtps_shared_cpp:${AMENT_PREFIX_PATH} CMAKE_PREFIX_PATH=/home/leeminjea/ros2_rmw_ws/src/rmw_fastrtps/install/rmw_fastrtps_shared_cpp:/opt/ros/humble LD_LIBRARY_PATH=/home/leeminjea/ros2_rmw_ws/src/rmw_fastrtps/install/rmw_fastrtps_shared_cpp/lib:${LD_LIBRARY_PATH} /usr/bin/cmake /home/leeminjea/ros2_rmw_ws/src/rmw_fastrtps/rmw_fastrtps_dynamic_cpp -DCMAKE_INSTALL_PREFIX=/home/leeminjea/ros2_rmw_ws/src/rmw_fastrtps/install/rmw_fastrtps_dynamic_cpp
[4.025s] Invoking command in '/home/leeminjea/ros2_rmw_ws/src/rmw_fastrtps/build/rmw_fastrtps_dynamic_cpp': AMENT_PREFIX_PATH=/home/leeminjea/ros2_rmw_ws/src/rmw_fastrtps/install/rmw_fastrtps_shared_cpp:${AMENT_PREFIX_PATH} CMAKE_PREFIX_PATH=/home/leeminjea/ros2_rmw_ws/src/rmw_fastrtps/install/rmw_fastrtps_shared_cpp:/opt/ros/humble LD_LIBRARY_PATH=/home/leeminjea/ros2_rmw_ws/src/rmw_fastrtps/install/rmw_fastrtps_shared_cpp/lib:${LD_LIBRARY_PATH} /usr/bin/cmake --build /home/leeminjea/ros2_rmw_ws/src/rmw_fastrtps/build/rmw_fastrtps_dynamic_cpp -- -j2 -l2
[4.345s] [  1%] [32mBuilding CXX object CMakeFiles/rmw_fastrtps_dynamic_cpp.dir/src/client_service_common.cpp.o[0m
[9.939s] [  3%] [32mBuilding CXX object CMakeFiles/rmw_fastrtps_dynamic_cpp.dir/src/get_client.cpp.o[0m
[15.659s] [  5%] [32mBuilding CXX object CMakeFiles/rmw_fastrtps_dynamic_cpp.dir/src/get_participant.cpp.o[0m
[20.497s] [  7%] [32mBuilding CXX object CMakeFiles/rmw_fastrtps_dynamic_cpp.dir/src/get_publisher.cpp.o[0m
[25.508s] [  9%] [32mBuilding CXX object CMakeFiles/rmw_fastrtps_dynamic_cpp.dir/src/get_service.cpp.o[0m
[30.366s] [ 11%] [32mBuilding CXX object CMakeFiles/rmw_fastrtps_dynamic_cpp.dir/src/get_subscriber.cpp.o[0m
[35.697s] [ 12%] [32mBuilding CXX object CMakeFiles/rmw_fastrtps_dynamic_cpp.dir/src/identifier.cpp.o[0m
[35.752s] [ 14%] [32mBuilding CXX object CMakeFiles/rmw_fastrtps_dynamic_cpp.dir/src/init_rmw_context_impl.cpp.o[0m
[42.380s] [ 16%] [32mBuilding CXX object CMakeFiles/rmw_fastrtps_dynamic_cpp.dir/src/publisher.cpp.o[0m
[49.387s] [ 18%] [32mBuilding CXX object CMakeFiles/rmw_fastrtps_dynamic_cpp.dir/src/rmw_client.cpp.o[0m
[56.317s] [ 20%] [32mBuilding CXX object CMakeFiles/rmw_fastrtps_dynamic_cpp.dir/src/rmw_compare_gids_equal.cpp.o[0m
[56.537s] [ 22%] [32mBuilding CXX object CMakeFiles/rmw_fastrtps_dynamic_cpp.dir/src/rmw_count.cpp.o[0m
[57.390s] [ 24%] [32mBuilding CXX object CMakeFiles/rmw_fastrtps_dynamic_cpp.dir/src/rmw_event.cpp.o[0m
[57.560s] [ 25%] [32mBuilding CXX object CMakeFiles/rmw_fastrtps_dynamic_cpp.dir/src/rmw_features.cpp.o[0m
[57.756s] [ 27%] [32mBuilding CXX object CMakeFiles/rmw_fastrtps_dynamic_cpp.dir/src/rmw_get_gid_for_publisher.cpp.o[0m
[58.017s] [ 29%] [32mBuilding CXX object CMakeFiles/rmw_fastrtps_dynamic_cpp.dir/src/rmw_get_implementation_identifier.cpp.o[0m
[58.203s] [ 31%] [32mBuilding CXX object CMakeFiles/rmw_fastrtps_dynamic_cpp.dir/src/rmw_get_serialization_format.cpp.o[0m
[58.390s] [ 33%] [32mBuilding CXX object CMakeFiles/rmw_fastrtps_dynamic_cpp.dir/src/rmw_get_topic_endpoint_info.cpp.o[0m
[58.499s] [ 35%] [32mBuilding CXX object CMakeFiles/rmw_fastrtps_dynamic_cpp.dir/src/rmw_guard_condition.cpp.o[0m
[59.649s] [ 37%] [32mBuilding CXX object CMakeFiles/rmw_fastrtps_dynamic_cpp.dir/src/rmw_init.cpp.o[0m
[65.567s] [ 38%] [32mBuilding CXX object CMakeFiles/rmw_fastrtps_dynamic_cpp.dir/src/rmw_logging.cpp.o[0m
[65.731s] [ 40%] [32mBuilding CXX object CMakeFiles/rmw_fastrtps_dynamic_cpp.dir/src/rmw_node.cpp.o[0m
[67.085s] [ 42%] [32mBuilding CXX object CMakeFiles/rmw_fastrtps_dynamic_cpp.dir/src/rmw_node_info_and_types.cpp.o[0m
[67.255s] [ 44%] [32mBuilding CXX object CMakeFiles/rmw_fastrtps_dynamic_cpp.dir/src/rmw_node_names.cpp.o[0m
[67.684s] [ 46%] [32mBuilding CXX object CMakeFiles/rmw_fastrtps_dynamic_cpp.dir/src/rmw_publish.cpp.o[0m
[68.696s] [ 48%] [32mBuilding CXX object CMakeFiles/rmw_fastrtps_dynamic_cpp.dir/src/rmw_publisher.cpp.o[0m
[74.757s] [ 50%] [32mBuilding CXX object CMakeFiles/rmw_fastrtps_dynamic_cpp.dir/src/rmw_qos.cpp.o[0m
[75.001s] [ 51%] [32mBuilding CXX object CMakeFiles/rmw_fastrtps_dynamic_cpp.dir/src/rmw_request.cpp.o[0m
[75.249s] [ 53%] [32mBuilding CXX object CMakeFiles/rmw_fastrtps_dynamic_cpp.dir/src/rmw_response.cpp.o[0m
[75.429s] [ 55%] [32mBuilding CXX object CMakeFiles/rmw_fastrtps_dynamic_cpp.dir/src/rmw_serialize.cpp.o[0m
[80.198s] [ 57%] [32mBuilding CXX object CMakeFiles/rmw_fastrtps_dynamic_cpp.dir/src/rmw_service.cpp.o[0m
[88.230s] [ 59%] [32mBuilding CXX object CMakeFiles/rmw_fastrtps_dynamic_cpp.dir/src/rmw_service_names_and_types.cpp.o[0m
[88.363s] [ 61%] [32mBuilding CXX object CMakeFiles/rmw_fastrtps_dynamic_cpp.dir/src/rmw_service_server_is_available.cpp.o[0m
[89.273s] [ 62%] [32mBuilding CXX object CMakeFiles/rmw_fastrtps_dynamic_cpp.dir/src/rmw_subscription.cpp.o[0m
[95.651s] [ 64%] [32mBuilding CXX object CMakeFiles/rmw_fastrtps_dynamic_cpp.dir/src/rmw_take.cpp.o[0m
[95.848s] [ 66%] [32mBuilding CXX object CMakeFiles/rmw_fastrtps_dynamic_cpp.dir/src/rmw_topic_names_and_types.cpp.o[0m
[96.824s] [ 68%] [32mBuilding CXX object CMakeFiles/rmw_fastrtps_dynamic_cpp.dir/src/rmw_trigger_guard_condition.cpp.o[0m
[96.984s] [ 70%] [32mBuilding CXX object CMakeFiles/rmw_fastrtps_dynamic_cpp.dir/src/rmw_wait.cpp.o[0m
[97.268s] [ 72%] [32mBuilding CXX object CMakeFiles/rmw_fastrtps_dynamic_cpp.dir/src/rmw_wait_set.cpp.o[0m
[97.525s] [ 74%] [32mBuilding CXX object CMakeFiles/rmw_fastrtps_dynamic_cpp.dir/src/serialization_format.cpp.o[0m
[97.626s] [ 75%] [32mBuilding CXX object CMakeFiles/rmw_fastrtps_dynamic_cpp.dir/src/subscription.cpp.o[0m
[105.198s] [ 77%] [32mBuilding CXX object CMakeFiles/rmw_fastrtps_dynamic_cpp.dir/src/type_support_common.cpp.o[0m
[109.404s] [ 79%] [32mBuilding CXX object CMakeFiles/rmw_fastrtps_dynamic_cpp.dir/src/type_support_proxy.cpp.o[0m
[114.397s] [ 81%] [32mBuilding CXX object CMakeFiles/rmw_fastrtps_dynamic_cpp.dir/src/type_support_registry.cpp.o[0m
[120.392s] [ 83%] [32mBuilding CXX object CMakeFiles/rmw_fastrtps_dynamic_cpp.dir/src/rmw_get_endpoint_network_flow.cpp.o[0m
[120.498s] [ 85%] [32m[1mLinking CXX shared library librmw_fastrtps_dynamic_cpp.so[0m
[121.478s] [ 85%] Built target rmw_fastrtps_dynamic_cpp
[121.531s] [ 87%] [32mBuilding CXX object gtest/CMakeFiles/gtest_main.dir/src/gtest_main.cc.o[0m
[122.580s] [ 88%] [32m[1mLinking CXX static library libgtest_main.a[0m
[122.717s] [ 88%] Built target gtest_main
[122.773s] [ 90%] [32mBuilding CXX object gtest/CMakeFiles/gtest.dir/src/gtest-all.cc.o[0m
[127.643s] [ 92%] [32m[1mLinking CXX static library libgtest.a[0m
[127.769s] [ 92%] Built target gtest
[127.822s] [ 94%] [32mBuilding CXX object CMakeFiles/test_get_native_entities.dir/test/test_get_native_entities.cpp.o[0m
[131.329s] [ 96%] [32m[1mLinking CXX executable test_get_native_entities[0m
[132.145s] [ 96%] Built target test_get_native_entities
[132.194s] [ 98%] [32mBuilding CXX object CMakeFiles/test_logging.dir/test/test_logging.cpp.o[0m
[133.628s] [100%] [32m[1mLinking CXX executable test_logging[0m
[134.527s] [100%] Built target test_logging
[134.553s] Invoked command in '/home/leeminjea/ros2_rmw_ws/src/rmw_fastrtps/build/rmw_fastrtps_dynamic_cpp' returned '0': AMENT_PREFIX_PATH=/home/leeminjea/ros2_rmw_ws/src/rmw_fastrtps/install/rmw_fastrtps_shared_cpp:${AMENT_PREFIX_PATH} CMAKE_PREFIX_PATH=/home/leeminjea/ros2_rmw_ws/src/rmw_fastrtps/install/rmw_fastrtps_shared_cpp:/opt/ros/humble LD_LIBRARY_PATH=/home/leeminjea/ros2_rmw_ws/src/rmw_fastrtps/install/rmw_fastrtps_shared_cpp/lib:${LD_LIBRARY_PATH} /usr/bin/cmake --build /home/leeminjea/ros2_rmw_ws/src/rmw_fastrtps/build/rmw_fastrtps_dynamic_cpp -- -j2 -l2
[134.554s] Invoking command in '/home/leeminjea/ros2_rmw_ws/src/rmw_fastrtps/build/rmw_fastrtps_dynamic_cpp': AMENT_PREFIX_PATH=/home/leeminjea/ros2_rmw_ws/src/rmw_fastrtps/install/rmw_fastrtps_shared_cpp:${AMENT_PREFIX_PATH} CMAKE_PREFIX_PATH=/home/leeminjea/ros2_rmw_ws/src/rmw_fastrtps/install/rmw_fastrtps_shared_cpp:/opt/ros/humble LD_LIBRARY_PATH=/home/leeminjea/ros2_rmw_ws/src/rmw_fastrtps/install/rmw_fastrtps_shared_cpp/lib:${LD_LIBRARY_PATH} /usr/bin/cmake --install /home/leeminjea/ros2_rmw_ws/src/rmw_fastrtps/build/rmw_fastrtps_dynamic_cpp
[134.569s] -- Install configuration: ""
[134.569s] -- Installing: /home/leeminjea/ros2_rmw_ws/src/rmw_fastrtps/install/rmw_fastrtps_dynamic_cpp/share/rmw_fastrtps_dynamic_cpp/environment/library_path.sh
[134.570s] -- Installing: /home/leeminjea/ros2_rmw_ws/src/rmw_fastrtps/install/rmw_fastrtps_dynamic_cpp/share/rmw_fastrtps_dynamic_cpp/environment/library_path.dsv
[134.572s] -- Installing: /home/leeminjea/ros2_rmw_ws/src/rmw_fastrtps/install/rmw_fastrtps_dynamic_cpp/share/ament_index/resource_index/rmw_typesupport_c/rmw_fastrtps_dynamic_cpp
[134.574s] -- Installing: /home/leeminjea/ros2_rmw_ws/src/rmw_fastrtps/install/rmw_fastrtps_dynamic_cpp/share/ament_index/resource_index/rmw_typesupport_cpp/rmw_fastrtps_dynamic_cpp
[134.583s] -- Installing: /home/leeminjea/ros2_rmw_ws/src/rmw_fastrtps/install/rmw_fastrtps_dynamic_cpp/share/ament_index/resource_index/rmw_typesupport/rmw_fastrtps_dynamic_cpp
[134.584s] -- Installing: /home/leeminjea/ros2_rmw_ws/src/rmw_fastrtps/install/rmw_fastrtps_dynamic_cpp/share/ament_index/resource_index/package_run_dependencies/rmw_fastrtps_dynamic_cpp
[134.585s] -- Installing: /home/leeminjea/ros2_rmw_ws/src/rmw_fastrtps/install/rmw_fastrtps_dynamic_cpp/share/ament_index/resource_index/parent_prefix_path/rmw_fastrtps_dynamic_cpp
[134.587s] -- Installing: /home/leeminjea/ros2_rmw_ws/src/rmw_fastrtps/install/rmw_fastrtps_dynamic_cpp/share/rmw_fastrtps_dynamic_cpp/environment/ament_prefix_path.sh
[134.588s] -- Installing: /home/leeminjea/ros2_rmw_ws/src/rmw_fastrtps/install/rmw_fastrtps_dynamic_cpp/share/rmw_fastrtps_dynamic_cpp/environment/ament_prefix_path.dsv
[134.589s] -- Installing: /home/leeminjea/ros2_rmw_ws/src/rmw_fastrtps/install/rmw_fastrtps_dynamic_cpp/share/rmw_fastrtps_dynamic_cpp/environment/path.sh
[134.590s] -- Installing: /home/leeminjea/ros2_rmw_ws/src/rmw_fastrtps/install/rmw_fastrtps_dynamic_cpp/share/rmw_fastrtps_dynamic_cpp/environment/path.dsv
[134.592s] -- Installing: /home/leeminjea/ros2_rmw_ws/src/rmw_fastrtps/install/rmw_fastrtps_dynamic_cpp/share/rmw_fastrtps_dynamic_cpp/local_setup.bash
[134.593s] -- Installing: /home/leeminjea/ros2_rmw_ws/src/rmw_fastrtps/install/rmw_fastrtps_dynamic_cpp/share/rmw_fastrtps_dynamic_cpp/local_setup.sh
[134.594s] -- Installing: /home/leeminjea/ros2_rmw_ws/src/rmw_fastrtps/install/rmw_fastrtps_dynamic_cpp/share/rmw_fastrtps_dynamic_cpp/local_setup.zsh
[134.595s] -- Installing: /home/leeminjea/ros2_rmw_ws/src/rmw_fastrtps/install/rmw_fastrtps_dynamic_cpp/share/rmw_fastrtps_dynamic_cpp/local_setup.dsv
[134.596s] -- Installing: /home/leeminjea/ros2_rmw_ws/src/rmw_fastrtps/install/rmw_fastrtps_dynamic_cpp/share/rmw_fastrtps_dynamic_cpp/package.dsv
[134.597s] -- Installing: /home/leeminjea/ros2_rmw_ws/src/rmw_fastrtps/install/rmw_fastrtps_dynamic_cpp/share/ament_index/resource_index/packages/rmw_fastrtps_dynamic_cpp
[134.599s] -- Installing: /home/leeminjea/ros2_rmw_ws/src/rmw_fastrtps/install/rmw_fastrtps_dynamic_cpp/share/rmw_fastrtps_dynamic_cpp/cmake/ament_cmake_export_include_directories-extras.cmake
[134.600s] -- Installing: /home/leeminjea/ros2_rmw_ws/src/rmw_fastrtps/install/rmw_fastrtps_dynamic_cpp/share/rmw_fastrtps_dynamic_cpp/cmake/ament_cmake_export_libraries-extras.cmake
[134.601s] -- Installing: /home/leeminjea/ros2_rmw_ws/src/rmw_fastrtps/install/rmw_fastrtps_dynamic_cpp/share/rmw_fastrtps_dynamic_cpp/cmake/ament_cmake_export_dependencies-extras.cmake
[134.602s] -- Installing: /home/leeminjea/ros2_rmw_ws/src/rmw_fastrtps/install/rmw_fastrtps_dynamic_cpp/share/rmw_fastrtps_dynamic_cpp/cmake/rmw_fastrtps_dynamic_cpp-extras.cmake
[134.602s] -- Installing: /home/leeminjea/ros2_rmw_ws/src/rmw_fastrtps/install/rmw_fastrtps_dynamic_cpp/share/rmw_fastrtps_dynamic_cpp/cmake/rmw_fastrtps_dynamic_cppConfig.cmake
[134.605s] -- Installing: /home/leeminjea/ros2_rmw_ws/src/rmw_fastrtps/install/rmw_fastrtps_dynamic_cpp/share/rmw_fastrtps_dynamic_cpp/cmake/rmw_fastrtps_dynamic_cppConfig-version.cmake
[134.607s] -- Installing: /home/leeminjea/ros2_rmw_ws/src/rmw_fastrtps/install/rmw_fastrtps_dynamic_cpp/share/rmw_fastrtps_dynamic_cpp/package.xml
[134.608s] -- Installing: /home/leeminjea/ros2_rmw_ws/src/rmw_fastrtps/install/rmw_fastrtps_dynamic_cpp/include/rmw_fastrtps_dynamic_cpp
[134.608s] -- Installing: /home/leeminjea/ros2_rmw_ws/src/rmw_fastrtps/install/rmw_fastrtps_dynamic_cpp/include/rmw_fastrtps_dynamic_cpp/rmw_fastrtps_dynamic_cpp
[134.610s] -- Installing: /home/leeminjea/ros2_rmw_ws/src/rmw_fastrtps/install/rmw_fastrtps_dynamic_cpp/include/rmw_fastrtps_dynamic_cpp/rmw_fastrtps_dynamic_cpp/get_participant.hpp
[134.610s] -- Installing: /home/leeminjea/ros2_rmw_ws/src/rmw_fastrtps/install/rmw_fastrtps_dynamic_cpp/include/rmw_fastrtps_dynamic_cpp/rmw_fastrtps_dynamic_cpp/ServiceTypeSupport_impl.hpp
[134.612s] -- Installing: /home/leeminjea/ros2_rmw_ws/src/rmw_fastrtps/install/rmw_fastrtps_dynamic_cpp/include/rmw_fastrtps_dynamic_cpp/rmw_fastrtps_dynamic_cpp/MessageTypeSupport_impl.hpp
[134.613s] -- Installing: /home/leeminjea/ros2_rmw_ws/src/rmw_fastrtps/install/rmw_fastrtps_dynamic_cpp/include/rmw_fastrtps_dynamic_cpp/rmw_fastrtps_dynamic_cpp/TypeSupport.hpp
[134.614s] -- Installing: /home/leeminjea/ros2_rmw_ws/src/rmw_fastrtps/install/rmw_fastrtps_dynamic_cpp/include/rmw_fastrtps_dynamic_cpp/rmw_fastrtps_dynamic_cpp/init_rmw_context_impl.hpp
[134.615s] -- Installing: /home/leeminjea/ros2_rmw_ws/src/rmw_fastrtps/install/rmw_fastrtps_dynamic_cpp/include/rmw_fastrtps_dynamic_cpp/rmw_fastrtps_dynamic_cpp/MessageTypeSupport.hpp
[134.616s] -- Installing: /home/leeminjea/ros2_rmw_ws/src/rmw_fastrtps/install/rmw_fastrtps_dynamic_cpp/include/rmw_fastrtps_dynamic_cpp/rmw_fastrtps_dynamic_cpp/get_publisher.hpp
[134.617s] -- Installing: /home/leeminjea/ros2_rmw_ws/src/rmw_fastrtps/install/rmw_fastrtps_dynamic_cpp/include/rmw_fastrtps_dynamic_cpp/rmw_fastrtps_dynamic_cpp/get_client.hpp
[134.618s] -- Installing: /home/leeminjea/ros2_rmw_ws/src/rmw_fastrtps/install/rmw_fastrtps_dynamic_cpp/include/rmw_fastrtps_dynamic_cpp/rmw_fastrtps_dynamic_cpp/identifier.hpp
[134.618s] -- Installing: /home/leeminjea/ros2_rmw_ws/src/rmw_fastrtps/install/rmw_fastrtps_dynamic_cpp/include/rmw_fastrtps_dynamic_cpp/rmw_fastrtps_dynamic_cpp/ServiceTypeSupport.hpp
[134.618s] -- Installing: /home/leeminjea/ros2_rmw_ws/src/rmw_fastrtps/install/rmw_fastrtps_dynamic_cpp/include/rmw_fastrtps_dynamic_cpp/rmw_fastrtps_dynamic_cpp/get_service.hpp
[134.620s] -- Installing: /home/leeminjea/ros2_rmw_ws/src/rmw_fastrtps/install/rmw_fastrtps_dynamic_cpp/include/rmw_fastrtps_dynamic_cpp/rmw_fastrtps_dynamic_cpp/subscription.hpp
[134.620s] -- Installing: /home/leeminjea/ros2_rmw_ws/src/rmw_fastrtps/install/rmw_fastrtps_dynamic_cpp/include/rmw_fastrtps_dynamic_cpp/rmw_fastrtps_dynamic_cpp/macros.hpp
[134.620s] -- Installing: /home/leeminjea/ros2_rmw_ws/src/rmw_fastrtps/install/rmw_fastrtps_dynamic_cpp/include/rmw_fastrtps_dynamic_cpp/rmw_fastrtps_dynamic_cpp/serialization_format.hpp
[134.621s] -- Installing: /home/leeminjea/ros2_rmw_ws/src/rmw_fastrtps/install/rmw_fastrtps_dynamic_cpp/include/rmw_fastrtps_dynamic_cpp/rmw_fastrtps_dynamic_cpp/visibility_control.h
[134.621s] -- Installing: /home/leeminjea/ros2_rmw_ws/src/rmw_fastrtps/install/rmw_fastrtps_dynamic_cpp/include/rmw_fastrtps_dynamic_cpp/rmw_fastrtps_dynamic_cpp/TypeSupport_impl.hpp
[134.621s] -- Installing: /home/leeminjea/ros2_rmw_ws/src/rmw_fastrtps/install/rmw_fastrtps_dynamic_cpp/include/rmw_fastrtps_dynamic_cpp/rmw_fastrtps_dynamic_cpp/publisher.hpp
[134.622s] -- Installing: /home/leeminjea/ros2_rmw_ws/src/rmw_fastrtps/install/rmw_fastrtps_dynamic_cpp/include/rmw_fastrtps_dynamic_cpp/rmw_fastrtps_dynamic_cpp/get_subscriber.hpp
[134.623s] -- Installing: /home/leeminjea/ros2_rmw_ws/src/rmw_fastrtps/install/rmw_fastrtps_dynamic_cpp/lib/librmw_fastrtps_dynamic_cpp.so
[134.626s] -- Set runtime path of "/home/leeminjea/ros2_rmw_ws/src/rmw_fastrtps/install/rmw_fastrtps_dynamic_cpp/lib/librmw_fastrtps_dynamic_cpp.so" to ""
[134.633s] Invoked command in '/home/leeminjea/ros2_rmw_ws/src/rmw_fastrtps/build/rmw_fastrtps_dynamic_cpp' returned '0': AMENT_PREFIX_PATH=/home/leeminjea/ros2_rmw_ws/src/rmw_fastrtps/install/rmw_fastrtps_shared_cpp:${AMENT_PREFIX_PATH} CMAKE_PREFIX_PATH=/home/leeminjea/ros2_rmw_ws/src/rmw_fastrtps/install/rmw_fastrtps_shared_cpp:/opt/ros/humble LD_LIBRARY_PATH=/home/leeminjea/ros2_rmw_ws/src/rmw_fastrtps/install/rmw_fastrtps_shared_cpp/lib:${LD_LIBRARY_PATH} /usr/bin/cmake --install /home/leeminjea/ros2_rmw_ws/src/rmw_fastrtps/build/rmw_fastrtps_dynamic_cpp
